[13/01/2026 09:09:28.584 -03] [tenantId=] [---- traceId -----              ] [HikariPool-1 housekeeper         ] [WARN ] [com.zaxxer.hikari.pool.HikariPool                                     ] HikariPool-1 - Thread starvation or clock leap detected (housekeeper delta=9h47m32s592ms595µs100ns). 
[13/01/2026 11:58:38.940 -03] [tenantId=] [---- traceId -----              ] [HikariPool-1 housekeeper         ] [WARN ] [com.zaxxer.hikari.pool.HikariPool                                     ] HikariPool-1 - Thread starvation or clock leap detected (housekeeper delta=1h35m39s174ms544µs600ns). 
[13/01/2026 18:23:19.849 -03] [tenantId=] [---- traceId -----              ] [http-nio-8045-exec-5             ] [DEBUG] [com.example.orcamento.logging.TenantLoggingFilter                     ] Iniciando filtro de tenant para: GET /api/v1/tipos-despesa 
[13/01/2026 18:23:19.849 -03] [tenantId=] [---- traceId -----              ] [http-nio-8045-exec-3             ] [DEBUG] [com.example.orcamento.logging.TenantLoggingFilter                     ] Iniciando filtro de tenant para: GET /api/v1/compras/ultimas 
[13/01/2026 18:23:19.849 -03] [tenantId=] [---- traceId -----              ] [http-nio-8045-exec-10            ] [DEBUG] [com.example.orcamento.logging.TenantLoggingFilter                     ] Iniciando filtro de tenant para: GET /api/v1/cartoes-credito 
[13/01/2026 18:23:19.849 -03] [tenantId=] [---- traceId -----              ] [http-nio-8045-exec-6             ] [DEBUG] [com.example.orcamento.logging.TenantLoggingFilter                     ] Iniciando filtro de tenant para: GET /api/v1/pessoas 
[13/01/2026 18:23:19.853 -03] [tenantId=] [---- traceId -----              ] [http-nio-8045-exec-6             ] [DEBUG] [com.example.orcamento.logging.TenantLoggingFilter                     ] Tenant ID obtido: null 
[13/01/2026 18:23:19.853 -03] [tenantId=] [---- traceId -----              ] [http-nio-8045-exec-3             ] [DEBUG] [com.example.orcamento.logging.TenantLoggingFilter                     ] Tenant ID obtido: null 
[13/01/2026 18:23:19.853 -03] [tenantId=] [---- traceId -----              ] [http-nio-8045-exec-10            ] [DEBUG] [com.example.orcamento.logging.TenantLoggingFilter                     ] Tenant ID obtido: null 
[13/01/2026 18:23:19.853 -03] [tenantId=] [---- traceId -----              ] [http-nio-8045-exec-6             ] [INFO ] [com.example.orcamento.logging.TenantLoggingFilter                     ] [TENANT] Nova requisição recebida | tenantId=null | método=GET | endpoint=/api/v1/pessoas 
[13/01/2026 18:23:19.853 -03] [tenantId=] [---- traceId -----              ] [http-nio-8045-exec-5             ] [DEBUG] [com.example.orcamento.logging.TenantLoggingFilter                     ] Tenant ID obtido: null 
[13/01/2026 18:23:19.854 -03] [tenantId=] [---- traceId -----              ] [http-nio-8045-exec-10            ] [INFO ] [com.example.orcamento.logging.TenantLoggingFilter                     ] [TENANT] Nova requisição recebida | tenantId=null | método=GET | endpoint=/api/v1/cartoes-credito 
[13/01/2026 18:23:19.854 -03] [tenantId=] [---- traceId -----              ] [http-nio-8045-exec-5             ] [INFO ] [com.example.orcamento.logging.TenantLoggingFilter                     ] [TENANT] Nova requisição recebida | tenantId=null | método=GET | endpoint=/api/v1/tipos-despesa 
[13/01/2026 18:23:19.854 -03] [tenantId=] [---- traceId -----              ] [http-nio-8045-exec-3             ] [INFO ] [com.example.orcamento.logging.TenantLoggingFilter                     ] [TENANT] Nova requisição recebida | tenantId=null | método=GET | endpoint=/api/v1/compras/ultimas 
[13/01/2026 18:23:19.876 -03] [tenantId=] [---- traceId -----              ] [http-nio-8045-exec-8             ] [DEBUG] [com.example.orcamento.logging.TenantLoggingFilter                     ] Iniciando filtro de tenant para: POST /api/v1/auth/refresh 
[13/01/2026 18:23:19.882 -03] [tenantId=] [---- traceId -----              ] [http-nio-8045-exec-8             ] [DEBUG] [com.example.orcamento.logging.TenantLoggingFilter                     ] Tenant ID obtido: null 
[13/01/2026 18:23:19.884 -03] [tenantId=] [---- traceId -----              ] [http-nio-8045-exec-8             ] [INFO ] [com.example.orcamento.logging.TenantLoggingFilter                     ] [TENANT] Nova requisição recebida | tenantId=null | método=POST | endpoint=/api/v1/auth/refresh 
[13/01/2026 18:23:19.949 -03] [tenantId=] [---- traceId -----              ] [http-nio-8045-exec-2             ] [DEBUG] [com.example.orcamento.logging.TenantLoggingFilter                     ] Iniciando filtro de tenant para: GET /api/v1/tipos-despesa 
[13/01/2026 18:23:19.949 -03] [tenantId=] [---- traceId -----              ] [http-nio-8045-exec-4             ] [DEBUG] [com.example.orcamento.logging.TenantLoggingFilter                     ] Iniciando filtro de tenant para: GET /api/v1/pessoas 
[13/01/2026 18:23:19.949 -03] [tenantId=] [---- traceId -----              ] [http-nio-8045-exec-7             ] [DEBUG] [com.example.orcamento.logging.TenantLoggingFilter                     ] Iniciando filtro de tenant para: GET /api/v1/cartoes-credito 
[13/01/2026 18:23:19.949 -03] [tenantId=] [---- traceId -----              ] [http-nio-8045-exec-2             ] [DEBUG] [com.example.orcamento.logging.TenantLoggingFilter                     ] Tenant ID obtido: null 
[13/01/2026 18:23:19.949 -03] [tenantId=] [---- traceId -----              ] [http-nio-8045-exec-4             ] [DEBUG] [com.example.orcamento.logging.TenantLoggingFilter                     ] Tenant ID obtido: null 
[13/01/2026 18:23:19.949 -03] [tenantId=] [---- traceId -----              ] [http-nio-8045-exec-9             ] [DEBUG] [com.example.orcamento.logging.TenantLoggingFilter                     ] Iniciando filtro de tenant para: GET /api/v1/compras/ultimas 
[13/01/2026 18:23:19.949 -03] [tenantId=] [---- traceId -----              ] [http-nio-8045-exec-7             ] [DEBUG] [com.example.orcamento.logging.TenantLoggingFilter                     ] Tenant ID obtido: null 
[13/01/2026 18:23:19.949 -03] [tenantId=] [---- traceId -----              ] [http-nio-8045-exec-2             ] [INFO ] [com.example.orcamento.logging.TenantLoggingFilter                     ] [TENANT] Nova requisição recebida | tenantId=null | método=GET | endpoint=/api/v1/tipos-despesa 
[13/01/2026 18:23:19.949 -03] [tenantId=] [---- traceId -----              ] [http-nio-8045-exec-4             ] [INFO ] [com.example.orcamento.logging.TenantLoggingFilter                     ] [TENANT] Nova requisição recebida | tenantId=null | método=GET | endpoint=/api/v1/pessoas 
[13/01/2026 18:23:19.949 -03] [tenantId=] [---- traceId -----              ] [http-nio-8045-exec-7             ] [INFO ] [com.example.orcamento.logging.TenantLoggingFilter                     ] [TENANT] Nova requisição recebida | tenantId=null | método=GET | endpoint=/api/v1/cartoes-credito 
[13/01/2026 18:23:19.949 -03] [tenantId=] [---- traceId -----              ] [http-nio-8045-exec-9             ] [DEBUG] [com.example.orcamento.logging.TenantLoggingFilter                     ] Tenant ID obtido: null 
[13/01/2026 18:23:19.950 -03] [tenantId=] [---- traceId -----              ] [http-nio-8045-exec-9             ] [INFO ] [com.example.orcamento.logging.TenantLoggingFilter                     ] [TENANT] Nova requisição recebida | tenantId=null | método=GET | endpoint=/api/v1/compras/ultimas 
[13/01/2026 18:23:19.963 -03] [tenantId=] [---- traceId -----              ] [http-nio-8045-exec-2             ] [INFO ] [com.example.orcamento.controller.CategoriaDespesaController           ] GET /api/v1/categorias 
[13/01/2026 18:23:19.964 -03] [tenantId=] [---- traceId -----              ] [http-nio-8045-exec-7             ] [INFO ] [com.example.orcamento.controller.CartaoCreditoController              ] Requisição GET em /api/v1/cartoes-credito, listarCartoes 
[13/01/2026 18:23:19.966 -03] [tenantId=] [---- traceId -----              ] [http-nio-8045-exec-9             ] [INFO ] [com.example.orcamento.controller.CompraController                     ] Requisição GET em /api/v1/compras/ultimas, page: 0, size: 10, descricao: null, cartaoId: null, subcategoriaId: null 
[13/01/2026 18:23:19.967 -03] [tenantId=] [---- traceId -----              ] [http-nio-8045-exec-9             ] [INFO ] [com.example.orcamento.service.CompraService                           ] [DEBUG] Buscando compras por filtro para tenantId=06660607625 page=0 size=10 descricao=null cartaoId=null subcategoriaId=null 
[13/01/2026 18:25:06.391 -03] [tenantId=] [---- traceId -----              ] [http-nio-8045-exec-8             ] [DEBUG] [com.example.orcamento.logging.TenantLoggingFilter                     ] Iniciando filtro de tenant para: POST /api/v1/compras/parceladas 
[13/01/2026 18:25:06.392 -03] [tenantId=] [---- traceId -----              ] [http-nio-8045-exec-8             ] [DEBUG] [com.example.orcamento.logging.TenantLoggingFilter                     ] Tenant ID obtido: null 
[13/01/2026 18:25:06.392 -03] [tenantId=] [---- traceId -----              ] [http-nio-8045-exec-8             ] [INFO ] [com.example.orcamento.logging.TenantLoggingFilter                     ] [TENANT] Nova requisição recebida | tenantId=null | método=POST | endpoint=/api/v1/compras/parceladas 
[13/01/2026 18:25:06.401 -03] [tenantId=] [---- traceId -----              ] [http-nio-8045-exec-8             ] [INFO ] [com.example.orcamento.controller.CompraController                     ] Requisição POST em /api/v1/compras/parceladas, compra: CompraDTO(id=null, descricao=JIM.COM*52366939 ELLE, valorTotal=1199.91, numeroParcelas=12, dataCompra=2026-01-10, cartaoCreditoId=11, subcategoriaId=314, proprietario=Terceiros, detalhes=MARIA
CARTAO 3857, classificacao=NAO_CLASSIFICADO, variabilidade=VARIAVEL, terceiros=[CompraTerceiroDTO(pessoaId=1, percentual=100)], cartaoCredito=CompraDTO.CartaoCreditoDTO(id=11), subcategoria=CompraDTO.SubcategoriaDTO(id=314)), mesPrimeiraParcela: FEVEREIRO, numeroParcelas: 12 
[13/01/2026 18:25:06.409 -03] [tenantId=] [---- traceId -----              ] [http-nio-8045-exec-8             ] [INFO ] [com.example.orcamento.service.CompraService                           ] Cadastrando compra parcelada: Compra(id=null, descricao=JIM.COM*52366939 ELLE, valorTotal=1199.91, numeroParcelas=12, dataCompra=2026-01-10, cartaoCredito=CartaoCredito(id=11, nome=Latam Pass Itaú Black - 7785, limite=46200.00, diaVencimento=2, status=ATIVO, modeloImportacao=itau, tenantId=06660607625), subcategoria=SubcategoriaDespesa(id=314, nome=Compras para terceiros, tenantId=06660607625, tiposDespesa=[TipoDespesa(id=314, nome=Compras para terceiros, tenantId=06660607625)]), proprietario=Terceiros, detalhes=MARIA
CARTAO 3857, classificacao=NAO_CLASSIFICADO, variabilidade=VARIAVEL, tenantId=null) 
[13/01/2026 18:25:06.461 -03] [tenantId=] [---- traceId -----              ] [http-nio-8045-exec-7             ] [DEBUG] [com.example.orcamento.logging.TenantLoggingFilter                     ] Iniciando filtro de tenant para: GET /api/v1/compras/ultimas 
[13/01/2026 18:25:06.461 -03] [tenantId=] [---- traceId -----              ] [http-nio-8045-exec-7             ] [DEBUG] [com.example.orcamento.logging.TenantLoggingFilter                     ] Tenant ID obtido: null 
[13/01/2026 18:25:06.461 -03] [tenantId=] [---- traceId -----              ] [http-nio-8045-exec-7             ] [INFO ] [com.example.orcamento.logging.TenantLoggingFilter                     ] [TENANT] Nova requisição recebida | tenantId=null | método=GET | endpoint=/api/v1/compras/ultimas 
[13/01/2026 18:25:06.468 -03] [tenantId=] [---- traceId -----              ] [http-nio-8045-exec-7             ] [INFO ] [com.example.orcamento.controller.CompraController                     ] Requisição GET em /api/v1/compras/ultimas, page: 0, size: 10, descricao: null, cartaoId: null, subcategoriaId: null 
[13/01/2026 18:25:06.469 -03] [tenantId=] [---- traceId -----              ] [http-nio-8045-exec-7             ] [INFO ] [com.example.orcamento.service.CompraService                           ] [DEBUG] Buscando compras por filtro para tenantId=06660607625 page=0 size=10 descricao=null cartaoId=null subcategoriaId=null 
[13/01/2026 18:25:55.660 -03] [tenantId=] [---- traceId -----              ] [http-nio-8045-exec-9             ] [DEBUG] [com.example.orcamento.logging.TenantLoggingFilter                     ] Iniciando filtro de tenant para: POST /api/v1/compras/parceladas 
[13/01/2026 18:25:55.660 -03] [tenantId=] [---- traceId -----              ] [http-nio-8045-exec-9             ] [DEBUG] [com.example.orcamento.logging.TenantLoggingFilter                     ] Tenant ID obtido: null 
[13/01/2026 18:25:55.660 -03] [tenantId=] [---- traceId -----              ] [http-nio-8045-exec-9             ] [INFO ] [com.example.orcamento.logging.TenantLoggingFilter                     ] [TENANT] Nova requisição recebida | tenantId=null | método=POST | endpoint=/api/v1/compras/parceladas 
[13/01/2026 18:25:55.671 -03] [tenantId=] [---- traceId -----              ] [http-nio-8045-exec-9             ] [INFO ] [com.example.orcamento.controller.CompraController                     ] Requisição POST em /api/v1/compras/parceladas, compra: CompraDTO(id=null, descricao=JIM.COM*52366939 ELLE, valorTotal=1144.04, numeroParcelas=7, dataCompra=2026-01-10, cartaoCreditoId=11, subcategoriaId=314, proprietario=Terceiros, detalhes=MARCELA 
CARTAO 3857, classificacao=NAO_CLASSIFICADO, variabilidade=VARIAVEL, terceiros=[CompraTerceiroDTO(pessoaId=4, percentual=100)], cartaoCredito=CompraDTO.CartaoCreditoDTO(id=11), subcategoria=CompraDTO.SubcategoriaDTO(id=314)), mesPrimeiraParcela: FEVEREIRO, numeroParcelas: 7 
[13/01/2026 18:25:55.676 -03] [tenantId=] [---- traceId -----              ] [http-nio-8045-exec-9             ] [INFO ] [com.example.orcamento.service.CompraService                           ] Cadastrando compra parcelada: Compra(id=null, descricao=JIM.COM*52366939 ELLE, valorTotal=1144.04, numeroParcelas=7, dataCompra=2026-01-10, cartaoCredito=CartaoCredito(id=11, nome=Latam Pass Itaú Black - 7785, limite=46200.00, diaVencimento=2, status=ATIVO, modeloImportacao=itau, tenantId=06660607625), subcategoria=SubcategoriaDespesa(id=314, nome=Compras para terceiros, tenantId=06660607625, tiposDespesa=[TipoDespesa(id=314, nome=Compras para terceiros, tenantId=06660607625)]), proprietario=Terceiros, detalhes=MARCELA 
CARTAO 3857, classificacao=NAO_CLASSIFICADO, variabilidade=VARIAVEL, tenantId=null) 
[13/01/2026 18:25:55.697 -03] [tenantId=] [---- traceId -----              ] [http-nio-8045-exec-5             ] [DEBUG] [com.example.orcamento.logging.TenantLoggingFilter                     ] Iniciando filtro de tenant para: GET /api/v1/compras/ultimas 
[13/01/2026 18:25:55.697 -03] [tenantId=] [---- traceId -----              ] [http-nio-8045-exec-5             ] [DEBUG] [com.example.orcamento.logging.TenantLoggingFilter                     ] Tenant ID obtido: null 
[13/01/2026 18:25:55.697 -03] [tenantId=] [---- traceId -----              ] [http-nio-8045-exec-5             ] [INFO ] [com.example.orcamento.logging.TenantLoggingFilter                     ] [TENANT] Nova requisição recebida | tenantId=null | método=GET | endpoint=/api/v1/compras/ultimas 
[13/01/2026 18:25:55.735 -03] [tenantId=] [---- traceId -----              ] [http-nio-8045-exec-5             ] [INFO ] [com.example.orcamento.controller.CompraController                     ] Requisição GET em /api/v1/compras/ultimas, page: 0, size: 10, descricao: null, cartaoId: null, subcategoriaId: null 
[13/01/2026 18:25:55.736 -03] [tenantId=] [---- traceId -----              ] [http-nio-8045-exec-5             ] [INFO ] [com.example.orcamento.service.CompraService                           ] [DEBUG] Buscando compras por filtro para tenantId=06660607625 page=0 size=10 descricao=null cartaoId=null subcategoriaId=null 
[13/01/2026 18:26:48.317 -03] [tenantId=] [---- traceId -----              ] [http-nio-8045-exec-3             ] [DEBUG] [com.example.orcamento.logging.TenantLoggingFilter                     ] Iniciando filtro de tenant para: POST /api/v1/compras/parceladas 
[13/01/2026 18:26:48.317 -03] [tenantId=] [---- traceId -----              ] [http-nio-8045-exec-3             ] [DEBUG] [com.example.orcamento.logging.TenantLoggingFilter                     ] Tenant ID obtido: null 
[13/01/2026 18:26:48.318 -03] [tenantId=] [---- traceId -----              ] [http-nio-8045-exec-3             ] [INFO ] [com.example.orcamento.logging.TenantLoggingFilter                     ] [TENANT] Nova requisição recebida | tenantId=null | método=POST | endpoint=/api/v1/compras/parceladas 
[13/01/2026 18:26:48.326 -03] [tenantId=] [---- traceId -----              ] [http-nio-8045-exec-3             ] [INFO ] [com.example.orcamento.controller.CompraController                     ] Requisição POST em /api/v1/compras/parceladas, compra: CompraDTO(id=null, descricao=SHEIN *SHEIN.COM, valorTotal=609.42, numeroParcelas=9, dataCompra=2026-01-10, cartaoCreditoId=11, subcategoriaId=314, proprietario=Terceiros, detalhes=MARIA
CARTAO 3857, classificacao=NAO_CLASSIFICADO, variabilidade=VARIAVEL, terceiros=[CompraTerceiroDTO(pessoaId=1, percentual=100)], cartaoCredito=CompraDTO.CartaoCreditoDTO(id=11), subcategoria=CompraDTO.SubcategoriaDTO(id=314)), mesPrimeiraParcela: FEVEREIRO, numeroParcelas: 9 
[13/01/2026 18:26:48.329 -03] [tenantId=] [---- traceId -----              ] [http-nio-8045-exec-3             ] [INFO ] [com.example.orcamento.service.CompraService                           ] Cadastrando compra parcelada: Compra(id=null, descricao=SHEIN *SHEIN.COM, valorTotal=609.42, numeroParcelas=9, dataCompra=2026-01-10, cartaoCredito=CartaoCredito(id=11, nome=Latam Pass Itaú Black - 7785, limite=46200.00, diaVencimento=2, status=ATIVO, modeloImportacao=itau, tenantId=06660607625), subcategoria=SubcategoriaDespesa(id=314, nome=Compras para terceiros, tenantId=06660607625, tiposDespesa=[TipoDespesa(id=314, nome=Compras para terceiros, tenantId=06660607625)]), proprietario=Terceiros, detalhes=MARIA
CARTAO 3857, classificacao=NAO_CLASSIFICADO, variabilidade=VARIAVEL, tenantId=null) 
[13/01/2026 18:26:48.349 -03] [tenantId=] [---- traceId -----              ] [http-nio-8045-exec-8             ] [DEBUG] [com.example.orcamento.logging.TenantLoggingFilter                     ] Iniciando filtro de tenant para: GET /api/v1/compras/ultimas 
[13/01/2026 18:26:48.349 -03] [tenantId=] [---- traceId -----              ] [http-nio-8045-exec-8             ] [DEBUG] [com.example.orcamento.logging.TenantLoggingFilter                     ] Tenant ID obtido: null 
[13/01/2026 18:26:48.350 -03] [tenantId=] [---- traceId -----              ] [http-nio-8045-exec-8             ] [INFO ] [com.example.orcamento.logging.TenantLoggingFilter                     ] [TENANT] Nova requisição recebida | tenantId=null | método=GET | endpoint=/api/v1/compras/ultimas 
[13/01/2026 18:26:48.355 -03] [tenantId=] [---- traceId -----              ] [http-nio-8045-exec-8             ] [INFO ] [com.example.orcamento.controller.CompraController                     ] Requisição GET em /api/v1/compras/ultimas, page: 0, size: 10, descricao: null, cartaoId: null, subcategoriaId: null 
[13/01/2026 18:26:48.355 -03] [tenantId=] [---- traceId -----              ] [http-nio-8045-exec-8             ] [INFO ] [com.example.orcamento.service.CompraService                           ] [DEBUG] Buscando compras por filtro para tenantId=06660607625 page=0 size=10 descricao=null cartaoId=null subcategoriaId=null 
[13/01/2026 18:26:53.459 -03] [tenantId=] [---- traceId -----              ] [http-nio-8045-exec-7             ] [DEBUG] [com.example.orcamento.logging.TenantLoggingFilter                     ] Iniciando filtro de tenant para: GET /api/v1/lancamentos-cartao/com-compra 
[13/01/2026 18:26:53.460 -03] [tenantId=] [---- traceId -----              ] [http-nio-8045-exec-7             ] [DEBUG] [com.example.orcamento.logging.TenantLoggingFilter                     ] Tenant ID obtido: null 
[13/01/2026 18:26:53.460 -03] [tenantId=] [---- traceId -----              ] [http-nio-8045-exec-7             ] [INFO ] [com.example.orcamento.logging.TenantLoggingFilter                     ] [TENANT] Nova requisição recebida | tenantId=null | método=GET | endpoint=/api/v1/lancamentos-cartao/com-compra 
[13/01/2026 18:26:53.466 -03] [tenantId=] [---- traceId -----              ] [http-nio-8045-exec-7             ] [INFO ] [com.example.orcamento.controller.LancamentoCartaoController           ] Requisição GET em /api/v1/lancamentos-cartao/com-compra 
[13/01/2026 18:26:53.662 -03] [tenantId=] [---- traceId -----              ] [http-nio-8045-exec-9             ] [DEBUG] [com.example.orcamento.logging.TenantLoggingFilter                     ] Iniciando filtro de tenant para: GET /api/v1/cartoes-credito 
[13/01/2026 18:26:53.662 -03] [tenantId=] [---- traceId -----              ] [http-nio-8045-exec-9             ] [DEBUG] [com.example.orcamento.logging.TenantLoggingFilter                     ] Tenant ID obtido: null 
[13/01/2026 18:26:53.662 -03] [tenantId=] [---- traceId -----              ] [http-nio-8045-exec-9             ] [INFO ] [com.example.orcamento.logging.TenantLoggingFilter                     ] [TENANT] Nova requisição recebida | tenantId=null | método=GET | endpoint=/api/v1/cartoes-credito 
[13/01/2026 18:26:53.669 -03] [tenantId=] [---- traceId -----              ] [http-nio-8045-exec-9             ] [INFO ] [com.example.orcamento.controller.CartaoCreditoController              ] Requisição GET em /api/v1/cartoes-credito, listarCartoes 
[13/01/2026 18:26:53.687 -03] [tenantId=] [---- traceId -----              ] [http-nio-8045-exec-5             ] [DEBUG] [com.example.orcamento.logging.TenantLoggingFilter                     ] Iniciando filtro de tenant para: GET /api/v1/tipos-despesa 
[13/01/2026 18:26:53.687 -03] [tenantId=] [---- traceId -----              ] [http-nio-8045-exec-5             ] [DEBUG] [com.example.orcamento.logging.TenantLoggingFilter                     ] Tenant ID obtido: null 
[13/01/2026 18:26:53.687 -03] [tenantId=] [---- traceId -----              ] [http-nio-8045-exec-5             ] [INFO ] [com.example.orcamento.logging.TenantLoggingFilter                     ] [TENANT] Nova requisição recebida | tenantId=null | método=GET | endpoint=/api/v1/tipos-despesa 
[13/01/2026 18:26:53.694 -03] [tenantId=] [---- traceId -----              ] [http-nio-8045-exec-5             ] [INFO ] [com.example.orcamento.controller.CategoriaDespesaController           ] GET /api/v1/categorias 
[13/01/2026 18:26:53.729 -03] [tenantId=] [---- traceId -----              ] [http-nio-8045-exec-3             ] [DEBUG] [com.example.orcamento.logging.TenantLoggingFilter                     ] Iniciando filtro de tenant para: GET /api/v1/pessoas 
[13/01/2026 18:26:53.729 -03] [tenantId=] [---- traceId -----              ] [http-nio-8045-exec-3             ] [DEBUG] [com.example.orcamento.logging.TenantLoggingFilter                     ] Tenant ID obtido: null 
[13/01/2026 18:26:53.729 -03] [tenantId=] [---- traceId -----              ] [http-nio-8045-exec-3             ] [INFO ] [com.example.orcamento.logging.TenantLoggingFilter                     ] [TENANT] Nova requisição recebida | tenantId=null | método=GET | endpoint=/api/v1/pessoas 
[13/01/2026 18:26:53.766 -03] [tenantId=] [---- traceId -----              ] [http-nio-8045-exec-8             ] [DEBUG] [com.example.orcamento.logging.TenantLoggingFilter                     ] Iniciando filtro de tenant para: GET /api/v1/contas-corrente 
[13/01/2026 18:26:53.766 -03] [tenantId=] [---- traceId -----              ] [http-nio-8045-exec-8             ] [DEBUG] [com.example.orcamento.logging.TenantLoggingFilter                     ] Tenant ID obtido: null 
[13/01/2026 18:26:53.766 -03] [tenantId=] [---- traceId -----              ] [http-nio-8045-exec-8             ] [INFO ] [com.example.orcamento.logging.TenantLoggingFilter                     ] [TENANT] Nova requisição recebida | tenantId=null | método=GET | endpoint=/api/v1/contas-corrente 
