[15/01/2026 03:29:32.007 -03] [tenantId=] [---- traceId -----              ] [HikariPool-1 housekeeper         ] [WARN ] [com.zaxxer.hikari.pool.HikariPool                                     ] HikariPool-1 - Thread starvation or clock leap detected (housekeeper delta=5h37m24s846ms743µs900ns). 
[15/01/2026 10:03:37.017 -03] [tenantId=] [---- traceId -----              ] [background-preinit               ] [INFO ] [org.hibernate.validator.internal.util.Version                         ] HV000001: Hibernate Validator 8.0.2.Final 
[15/01/2026 10:03:37.128 -03] [tenantId=] [---- traceId -----              ] [main                             ] [INFO ] [com.example.orcamento.OrcamentoApplication                            ] Starting OrcamentoApplication v1.0.0 using Java 21.0.6 with PID 27320 (C:\Projetos\orcamento\target\orcamento-1.0.0.jar started by Meu Computador in C:\Projetos\orcamento) 
[15/01/2026 10:03:37.130 -03] [tenantId=] [---- traceId -----              ] [main                             ] [DEBUG] [com.example.orcamento.OrcamentoApplication                            ] Running with Spring Boot v3.4.3, Spring v6.2.3 
[15/01/2026 10:03:37.132 -03] [tenantId=] [---- traceId -----              ] [main                             ] [INFO ] [com.example.orcamento.OrcamentoApplication                            ] No active profile set, falling back to 1 default profile: "default" 
[15/01/2026 10:03:38.931 -03] [tenantId=] [---- traceId -----              ] [main                             ] [INFO ] [o.s.data.repository.config.RepositoryConfigurationDelegate            ] Bootstrapping Spring Data JPA repositories in DEFAULT mode. 
[15/01/2026 10:03:39.100 -03] [tenantId=] [---- traceId -----              ] [main                             ] [INFO ] [o.s.data.repository.config.RepositoryConfigurationDelegate            ] Finished Spring Data repository scanning in 151 ms. Found 21 JPA repository interfaces. 
[15/01/2026 10:03:40.435 -03] [tenantId=] [---- traceId -----              ] [main                             ] [INFO ] [org.springframework.boot.web.embedded.tomcat.TomcatWebServer          ] Tomcat initialized with port 8045 (http) 
[15/01/2026 10:03:40.457 -03] [tenantId=] [---- traceId -----              ] [main                             ] [INFO ] [org.apache.coyote.http11.Http11NioProtocol                            ] Initializing ProtocolHandler ["http-nio-8045"] 
[15/01/2026 10:03:40.466 -03] [tenantId=] [---- traceId -----              ] [main                             ] [INFO ] [org.apache.catalina.core.StandardService                              ] Starting service [Tomcat] 
[15/01/2026 10:03:40.467 -03] [tenantId=] [---- traceId -----              ] [main                             ] [INFO ] [org.apache.catalina.core.StandardEngine                               ] Starting Servlet engine: [Apache Tomcat/10.1.36] 
[15/01/2026 10:03:40.530 -03] [tenantId=] [---- traceId -----              ] [main                             ] [INFO ] [org.apache.catalina.core.ContainerBase.[Tomcat].[localhost].[/]       ] Initializing Spring embedded WebApplicationContext 
[15/01/2026 10:03:40.533 -03] [tenantId=] [---- traceId -----              ] [main                             ] [INFO ] [o.s.boot.web.servlet.context.ServletWebServerApplicationContext       ] Root WebApplicationContext: initialization completed in 3325 ms 
[15/01/2026 10:03:40.730 -03] [tenantId=] [---- traceId -----              ] [main                             ] [INFO ] [com.example.orcamento.logging.TenantLoggingFilter                     ] Inicializando TenantLoggingFilter... 
[15/01/2026 10:03:40.730 -03] [tenantId=] [---- traceId -----              ] [main                             ] [INFO ] [com.example.orcamento.logging.TenantLoggingFilter                     ] Tentando carregar a classe TenantContext... 
[15/01/2026 10:03:40.730 -03] [tenantId=] [---- traceId -----              ] [main                             ] [INFO ] [com.example.orcamento.logging.TenantLoggingFilter                     ] ✅ TenantContext carregado com sucesso: class com.example.orcamento.security.TenantContext 
[15/01/2026 10:03:40.733 -03] [tenantId=] [---- traceId -----              ] [main                             ] [INFO ] [com.example.orcamento.logging.TenantLoggingFilter                     ] 🔍 ClassLoader do TenantContext: org.springframework.boot.loader.launch.LaunchedClassLoader@6193b845 
[15/01/2026 10:03:40.733 -03] [tenantId=] [---- traceId -----              ] [main                             ] [INFO ] [com.example.orcamento.logging.TenantLoggingFilter                     ] 🔍 ClassLoader do TenantLoggingFilter: org.springframework.boot.loader.launch.LaunchedClassLoader@6193b845 
[15/01/2026 10:03:40.733 -03] [tenantId=] [---- traceId -----              ] [main                             ] [INFO ] [com.example.orcamento.logging.TenantLoggingFilter                     ] 🔍 Verificando métodos de TenantContext... 
[15/01/2026 10:03:40.735 -03] [tenantId=] [---- traceId -----              ] [main                             ] [INFO ] [com.example.orcamento.logging.TenantLoggingFilter                     ] ✅ Método encontrado: public static java.lang.String com.example.orcamento.security.TenantContext.getTenantId() 
[15/01/2026 10:03:40.735 -03] [tenantId=] [---- traceId -----              ] [main                             ] [INFO ] [com.example.orcamento.logging.TenantLoggingFilter                     ] ✅ Método encontrado: public static void com.example.orcamento.security.TenantContext.setTenantId(java.lang.String) 
[15/01/2026 10:03:40.735 -03] [tenantId=] [---- traceId -----              ] [main                             ] [INFO ] [com.example.orcamento.logging.TenantLoggingFilter                     ] ✅ Chamada estática para TenantContext.getTenantId() retornou: null 
[15/01/2026 10:03:40.975 -03] [tenantId=] [---- traceId -----              ] [main                             ] [INFO ] [org.hibernate.jpa.internal.util.LogHelper                             ] HHH000204: Processing PersistenceUnitInfo [name: default] 
[15/01/2026 10:03:41.098 -03] [tenantId=] [---- traceId -----              ] [main                             ] [INFO ] [org.hibernate.Version                                                 ] HHH000412: Hibernate ORM core version 6.6.8.Final 
[15/01/2026 10:03:41.163 -03] [tenantId=] [---- traceId -----              ] [main                             ] [INFO ] [org.hibernate.cache.internal.RegionFactoryInitiator                   ] HHH000026: Second-level cache disabled 
[15/01/2026 10:03:41.629 -03] [tenantId=] [---- traceId -----              ] [main                             ] [INFO ] [org.springframework.orm.jpa.persistenceunit.SpringPersistenceUnitInfo ] No LoadTimeWeaver setup: ignoring JPA class transformer 
[15/01/2026 10:03:41.669 -03] [tenantId=] [---- traceId -----              ] [main                             ] [INFO ] [com.zaxxer.hikari.HikariDataSource                                    ] HikariPool-1 - Starting... 
[15/01/2026 10:03:42.011 -03] [tenantId=] [---- traceId -----              ] [main                             ] [INFO ] [com.zaxxer.hikari.pool.HikariPool                                     ] HikariPool-1 - Added connection com.mysql.cj.jdbc.ConnectionImpl@5020e5ab 
[15/01/2026 10:03:42.014 -03] [tenantId=] [---- traceId -----              ] [main                             ] [INFO ] [com.zaxxer.hikari.HikariDataSource                                    ] HikariPool-1 - Start completed. 
[15/01/2026 10:03:42.142 -03] [tenantId=] [---- traceId -----              ] [main                             ] [INFO ] [org.hibernate.orm.connections.pooling                                 ] HHH10001005: Database info:
	Database JDBC URL [Connecting through datasource 'HikariDataSource (HikariPool-1)']
	Database driver: undefined/unknown
	Database version: 8.0.33
	Autocommit mode: undefined/unknown
	Isolation level: undefined/unknown
	Minimum pool size: undefined/unknown
	Maximum pool size: undefined/unknown 
[15/01/2026 10:03:44.049 -03] [tenantId=] [---- traceId -----              ] [main                             ] [INFO ] [o.h.engine.transaction.jta.platform.internal.JtaPlatformInitiator     ] HHH000489: No JTA platform available (set 'hibernate.transaction.jta.platform' to enable JTA platform integration) 
[15/01/2026 10:03:44.325 -03] [tenantId=] [---- traceId -----              ] [main                             ] [INFO ] [org.springframework.orm.jpa.LocalContainerEntityManagerFactoryBean    ] Initialized JPA EntityManagerFactory for persistence unit 'default' 
[15/01/2026 10:03:44.876 -03] [tenantId=] [---- traceId -----              ] [main                             ] [DEBUG] [com.example.orcamento.security.JwtAuthenticationFilter                ] Filter 'jwtAuthenticationFilter' configured for use 
[15/01/2026 10:03:44.877 -03] [tenantId=] [---- traceId -----              ] [main                             ] [DEBUG] [com.example.orcamento.logging.TenantLoggingFilter                     ] Filter 'tenantLoggingFilter' configured for use 
[15/01/2026 10:03:44.975 -03] [tenantId=] [---- traceId -----              ] [main                             ] [INFO ] [org.springframework.data.jpa.repository.query.QueryEnhancerFactory    ] Hibernate is in classpath; If applicable, HQL parser will be used. 
[15/01/2026 10:03:47.999 -03] [tenantId=] [---- traceId -----              ] [main                             ] [WARN ] [o.s.b.autoconfigure.orm.jpa.JpaBaseConfiguration$JpaWebConfiguration  ] spring.jpa.open-in-view is enabled by default. Therefore, database queries may be performed during view rendering. Explicitly configure spring.jpa.open-in-view to disable this warning 
[15/01/2026 10:03:48.054 -03] [tenantId=] [---- traceId -----              ] [main                             ] [INFO ] [o.s.s.c.a.a.c.InitializeUserDetailsBeanManagerConfigurer$InitializeUserDetailsManagerConfigurer] Global AuthenticationManager configured with UserDetailsService bean with name customUserDetailsService 
[15/01/2026 10:03:48.736 -03] [tenantId=] [---- traceId -----              ] [main                             ] [INFO ] [org.springframework.boot.actuate.endpoint.web.EndpointLinksResolver   ] Exposing 1 endpoint beneath base path '/actuator' 
[15/01/2026 10:03:48.867 -03] [tenantId=] [---- traceId -----              ] [main                             ] [WARN ] [o.s.s.c.a.w.c.AuthorizeHttpRequestsConfigurer$AuthorizationManagerRequestMatcherRegistry] One of the patterns in [api/v1/pessoas/**] is missing a leading slash. This is discouraged; please include the leading slash in all your request matcher patterns. In future versions of Spring Security, leaving out the leading slash will result in an exception. 
[15/01/2026 10:03:49.675 -03] [tenantId=] [---- traceId -----              ] [main                             ] [INFO ] [org.apache.coyote.http11.Http11NioProtocol                            ] Starting ProtocolHandler ["http-nio-8045"] 
[15/01/2026 10:03:49.710 -03] [tenantId=] [---- traceId -----              ] [main                             ] [INFO ] [org.springframework.boot.web.embedded.tomcat.TomcatWebServer          ] Tomcat started on port 8045 (http) with context path '/' 
[15/01/2026 10:03:49.727 -03] [tenantId=] [---- traceId -----              ] [main                             ] [INFO ] [com.example.orcamento.OrcamentoApplication                            ] Started OrcamentoApplication in 13.162 seconds (process running for 14.062) 
[15/01/2026 10:03:49.978 -03] [tenantId=] [---- traceId -----              ] [main                             ] [INFO ] [com.example.orcamento.config.DataInitializer                          ] Usuários já existem no banco. Nenhum usuário admin criado. 
