[09/01/2026 11:54:52.739 -03] [tenantId=] [---- traceId -----              ] [http-nio-8045-exec-2             ] [DEBUG] [com.example.orcamento.logging.TenantLoggingFilter                     ] Iniciando filtro de tenant para: GET /api/v1/lancamentos-cartao/com-compra 
[09/01/2026 11:54:52.741 -03] [tenantId=] [---- traceId -----              ] [http-nio-8045-exec-2             ] [DEBUG] [com.example.orcamento.logging.TenantLoggingFilter                     ] Tenant ID obtido: null 
[09/01/2026 11:54:52.741 -03] [tenantId=] [---- traceId -----              ] [http-nio-8045-exec-2             ] [INFO ] [com.example.orcamento.logging.TenantLoggingFilter                     ] [TENANT] Nova requisição recebida | tenantId=null | método=GET | endpoint=/api/v1/lancamentos-cartao/com-compra 
[09/01/2026 11:54:52.891 -03] [tenantId=] [---- traceId -----              ] [http-nio-8045-exec-7             ] [DEBUG] [com.example.orcamento.logging.TenantLoggingFilter                     ] Iniciando filtro de tenant para: POST /api/v1/auth/refresh 
[09/01/2026 11:54:52.892 -03] [tenantId=] [---- traceId -----              ] [http-nio-8045-exec-7             ] [DEBUG] [com.example.orcamento.logging.TenantLoggingFilter                     ] Tenant ID obtido: null 
[09/01/2026 11:54:52.892 -03] [tenantId=] [---- traceId -----              ] [http-nio-8045-exec-7             ] [INFO ] [com.example.orcamento.logging.TenantLoggingFilter                     ] [TENANT] Nova requisição recebida | tenantId=null | método=POST | endpoint=/api/v1/auth/refresh 
[09/01/2026 11:54:55.999 -03] [tenantId=] [---- traceId -----              ] [http-nio-8045-exec-3             ] [DEBUG] [com.example.orcamento.logging.TenantLoggingFilter                     ] Iniciando filtro de tenant para: GET /api/v1/lancamentos-cartao/com-compra 
[09/01/2026 11:54:55.999 -03] [tenantId=] [---- traceId -----              ] [http-nio-8045-exec-3             ] [DEBUG] [com.example.orcamento.logging.TenantLoggingFilter                     ] Tenant ID obtido: null 
[09/01/2026 11:54:55.999 -03] [tenantId=] [---- traceId -----              ] [http-nio-8045-exec-3             ] [INFO ] [com.example.orcamento.logging.TenantLoggingFilter                     ] [TENANT] Nova requisição recebida | tenantId=null | método=GET | endpoint=/api/v1/lancamentos-cartao/com-compra 
[09/01/2026 11:54:56.006 -03] [tenantId=] [---- traceId -----              ] [http-nio-8045-exec-3             ] [INFO ] [com.example.orcamento.controller.LancamentoCartaoController           ] Requisição GET em /api/v1/lancamentos-cartao/com-compra 
[09/01/2026 11:54:56.233 -03] [tenantId=] [---- traceId -----              ] [http-nio-8045-exec-8             ] [DEBUG] [com.example.orcamento.logging.TenantLoggingFilter                     ] Iniciando filtro de tenant para: GET /api/v1/cartoes-credito 
[09/01/2026 11:54:56.233 -03] [tenantId=] [---- traceId -----              ] [http-nio-8045-exec-8             ] [DEBUG] [com.example.orcamento.logging.TenantLoggingFilter                     ] Tenant ID obtido: null 
[09/01/2026 11:54:56.233 -03] [tenantId=] [---- traceId -----              ] [http-nio-8045-exec-8             ] [INFO ] [com.example.orcamento.logging.TenantLoggingFilter                     ] [TENANT] Nova requisição recebida | tenantId=null | método=GET | endpoint=/api/v1/cartoes-credito 
[09/01/2026 11:54:56.240 -03] [tenantId=] [---- traceId -----              ] [http-nio-8045-exec-8             ] [INFO ] [com.example.orcamento.controller.CartaoCreditoController              ] Requisição GET em /api/v1/cartoes-credito, listarCartoes 
[09/01/2026 11:54:56.275 -03] [tenantId=] [---- traceId -----              ] [http-nio-8045-exec-4             ] [DEBUG] [com.example.orcamento.logging.TenantLoggingFilter                     ] Iniciando filtro de tenant para: GET /api/v1/tipos-despesa 
[09/01/2026 11:54:56.275 -03] [tenantId=] [---- traceId -----              ] [http-nio-8045-exec-4             ] [DEBUG] [com.example.orcamento.logging.TenantLoggingFilter                     ] Tenant ID obtido: null 
[09/01/2026 11:54:56.374 -03] [tenantId=] [---- traceId -----              ] [http-nio-8045-exec-4             ] [INFO ] [com.example.orcamento.logging.TenantLoggingFilter                     ] [TENANT] Nova requisição recebida | tenantId=null | método=GET | endpoint=/api/v1/tipos-despesa 
[09/01/2026 11:54:56.382 -03] [tenantId=] [---- traceId -----              ] [http-nio-8045-exec-4             ] [INFO ] [com.example.orcamento.controller.CategoriaDespesaController           ] GET /api/v1/categorias 
[09/01/2026 11:54:56.429 -03] [tenantId=] [---- traceId -----              ] [http-nio-8045-exec-6             ] [DEBUG] [com.example.orcamento.logging.TenantLoggingFilter                     ] Iniciando filtro de tenant para: GET /api/v1/pessoas 
[09/01/2026 11:54:56.429 -03] [tenantId=] [---- traceId -----              ] [http-nio-8045-exec-6             ] [DEBUG] [com.example.orcamento.logging.TenantLoggingFilter                     ] Tenant ID obtido: null 
[09/01/2026 11:54:56.429 -03] [tenantId=] [---- traceId -----              ] [http-nio-8045-exec-6             ] [INFO ] [com.example.orcamento.logging.TenantLoggingFilter                     ] [TENANT] Nova requisição recebida | tenantId=null | método=GET | endpoint=/api/v1/pessoas 
[09/01/2026 11:54:56.445 -03] [tenantId=] [---- traceId -----              ] [http-nio-8045-exec-9             ] [DEBUG] [com.example.orcamento.logging.TenantLoggingFilter                     ] Iniciando filtro de tenant para: GET /api/v1/contas-corrente 
[09/01/2026 11:54:56.445 -03] [tenantId=] [---- traceId -----              ] [http-nio-8045-exec-9             ] [DEBUG] [com.example.orcamento.logging.TenantLoggingFilter                     ] Tenant ID obtido: null 
[09/01/2026 11:54:56.445 -03] [tenantId=] [---- traceId -----              ] [http-nio-8045-exec-9             ] [INFO ] [com.example.orcamento.logging.TenantLoggingFilter                     ] [TENANT] Nova requisição recebida | tenantId=null | método=GET | endpoint=/api/v1/contas-corrente 
