[18/01/2026 15:57:48.528 -03] [tenantId=] [---- traceId -----              ] [background-preinit               ] [INFO ] [org.hibernate.validator.internal.util.Version                         ] HV000001: Hibernate Validator 8.0.2.Final 
[18/01/2026 15:57:48.661 -03] [tenantId=] [---- traceId -----              ] [main                             ] [INFO ] [com.example.orcamento.OrcamentoApplication                            ] Starting OrcamentoApplication v1.0.0 using Java 21.0.6 with PID 29124 (C:\Projetos\orcamento\target\orcamento-1.0.0.jar started by Meu Computador in C:\Projetos\orcamento) 
[18/01/2026 15:57:48.662 -03] [tenantId=] [---- traceId -----              ] [main                             ] [DEBUG] [com.example.orcamento.OrcamentoApplication                            ] Running with Spring Boot v3.4.3, Spring v6.2.3 
[18/01/2026 15:57:48.663 -03] [tenantId=] [---- traceId -----              ] [main                             ] [INFO ] [com.example.orcamento.OrcamentoApplication                            ] No active profile set, falling back to 1 default profile: "default" 
[18/01/2026 15:57:50.310 -03] [tenantId=] [---- traceId -----              ] [main                             ] [INFO ] [o.s.data.repository.config.RepositoryConfigurationDelegate            ] Bootstrapping Spring Data JPA repositories in DEFAULT mode. 
[18/01/2026 15:57:50.430 -03] [tenantId=] [---- traceId -----              ] [main                             ] [INFO ] [o.s.data.repository.config.RepositoryConfigurationDelegate            ] Finished Spring Data repository scanning in 107 ms. Found 21 JPA repository interfaces. 
[18/01/2026 15:57:51.541 -03] [tenantId=] [---- traceId -----              ] [main                             ] [INFO ] [org.springframework.boot.web.embedded.tomcat.TomcatWebServer          ] Tomcat initialized with port 8045 (http) 
[18/01/2026 15:57:51.565 -03] [tenantId=] [---- traceId -----              ] [main                             ] [INFO ] [org.apache.coyote.http11.Http11NioProtocol                            ] Initializing ProtocolHandler ["http-nio-8045"] 
[18/01/2026 15:57:51.571 -03] [tenantId=] [---- traceId -----              ] [main                             ] [INFO ] [org.apache.catalina.core.StandardService                              ] Starting service [Tomcat] 
[18/01/2026 15:57:51.571 -03] [tenantId=] [---- traceId -----              ] [main                             ] [INFO ] [org.apache.catalina.core.StandardEngine                               ] Starting Servlet engine: [Apache Tomcat/10.1.36] 
[18/01/2026 15:57:51.620 -03] [tenantId=] [---- traceId -----              ] [main                             ] [INFO ] [org.apache.catalina.core.ContainerBase.[Tomcat].[localhost].[/]       ] Initializing Spring embedded WebApplicationContext 
[18/01/2026 15:57:51.621 -03] [tenantId=] [---- traceId -----              ] [main                             ] [INFO ] [o.s.boot.web.servlet.context.ServletWebServerApplicationContext       ] Root WebApplicationContext: initialization completed in 2902 ms 
[18/01/2026 15:57:51.789 -03] [tenantId=] [---- traceId -----              ] [main                             ] [INFO ] [com.example.orcamento.logging.TenantLoggingFilter                     ] Inicializando TenantLoggingFilter... 
[18/01/2026 15:57:51.790 -03] [tenantId=] [---- traceId -----              ] [main                             ] [INFO ] [com.example.orcamento.logging.TenantLoggingFilter                     ] Tentando carregar a classe TenantContext... 
[18/01/2026 15:57:51.790 -03] [tenantId=] [---- traceId -----              ] [main                             ] [INFO ] [com.example.orcamento.logging.TenantLoggingFilter                     ] ✅ TenantContext carregado com sucesso: class com.example.orcamento.security.TenantContext 
[18/01/2026 15:57:51.791 -03] [tenantId=] [---- traceId -----              ] [main                             ] [INFO ] [com.example.orcamento.logging.TenantLoggingFilter                     ] 🔍 ClassLoader do TenantContext: org.springframework.boot.loader.launch.LaunchedClassLoader@6193b845 
[18/01/2026 15:57:51.791 -03] [tenantId=] [---- traceId -----              ] [main                             ] [INFO ] [com.example.orcamento.logging.TenantLoggingFilter                     ] 🔍 ClassLoader do TenantLoggingFilter: org.springframework.boot.loader.launch.LaunchedClassLoader@6193b845 
[18/01/2026 15:57:51.792 -03] [tenantId=] [---- traceId -----              ] [main                             ] [INFO ] [com.example.orcamento.logging.TenantLoggingFilter                     ] 🔍 Verificando métodos de TenantContext... 
[18/01/2026 15:57:51.793 -03] [tenantId=] [---- traceId -----              ] [main                             ] [INFO ] [com.example.orcamento.logging.TenantLoggingFilter                     ] ✅ Método encontrado: public static java.lang.String com.example.orcamento.security.TenantContext.getTenantId() 
[18/01/2026 15:57:51.794 -03] [tenantId=] [---- traceId -----              ] [main                             ] [INFO ] [com.example.orcamento.logging.TenantLoggingFilter                     ] ✅ Método encontrado: public static void com.example.orcamento.security.TenantContext.setTenantId(java.lang.String) 
[18/01/2026 15:57:51.795 -03] [tenantId=] [---- traceId -----              ] [main                             ] [INFO ] [com.example.orcamento.logging.TenantLoggingFilter                     ] ✅ Chamada estática para TenantContext.getTenantId() retornou: null 
[18/01/2026 15:57:52.013 -03] [tenantId=] [---- traceId -----              ] [main                             ] [INFO ] [org.hibernate.jpa.internal.util.LogHelper                             ] HHH000204: Processing PersistenceUnitInfo [name: default] 
[18/01/2026 15:57:52.123 -03] [tenantId=] [---- traceId -----              ] [main                             ] [INFO ] [org.hibernate.Version                                                 ] HHH000412: Hibernate ORM core version 6.6.8.Final 
[18/01/2026 15:57:52.178 -03] [tenantId=] [---- traceId -----              ] [main                             ] [INFO ] [org.hibernate.cache.internal.RegionFactoryInitiator                   ] HHH000026: Second-level cache disabled 
[18/01/2026 15:57:52.580 -03] [tenantId=] [---- traceId -----              ] [main                             ] [INFO ] [org.springframework.orm.jpa.persistenceunit.SpringPersistenceUnitInfo ] No LoadTimeWeaver setup: ignoring JPA class transformer 
[18/01/2026 15:57:52.619 -03] [tenantId=] [---- traceId -----              ] [main                             ] [INFO ] [com.zaxxer.hikari.HikariDataSource                                    ] HikariPool-1 - Starting... 
[18/01/2026 15:57:52.950 -03] [tenantId=] [---- traceId -----              ] [main                             ] [INFO ] [com.zaxxer.hikari.pool.HikariPool                                     ] HikariPool-1 - Added connection com.mysql.cj.jdbc.ConnectionImpl@4136b193 
[18/01/2026 15:57:52.953 -03] [tenantId=] [---- traceId -----              ] [main                             ] [INFO ] [com.zaxxer.hikari.HikariDataSource                                    ] HikariPool-1 - Start completed. 
[18/01/2026 15:57:53.050 -03] [tenantId=] [---- traceId -----              ] [main                             ] [INFO ] [org.hibernate.orm.connections.pooling                                 ] HHH10001005: Database info:
	Database JDBC URL [Connecting through datasource 'HikariDataSource (HikariPool-1)']
	Database driver: undefined/unknown
	Database version: 8.0.33
	Autocommit mode: undefined/unknown
	Isolation level: undefined/unknown
	Minimum pool size: undefined/unknown
	Maximum pool size: undefined/unknown 
[18/01/2026 15:57:54.437 -03] [tenantId=] [---- traceId -----              ] [main                             ] [INFO ] [o.h.engine.transaction.jta.platform.internal.JtaPlatformInitiator     ] HHH000489: No JTA platform available (set 'hibernate.transaction.jta.platform' to enable JTA platform integration) 
[18/01/2026 15:57:54.559 -03] [tenantId=] [---- traceId -----              ] [main                             ] [INFO ] [org.springframework.orm.jpa.LocalContainerEntityManagerFactoryBean    ] Initialized JPA EntityManagerFactory for persistence unit 'default' 
[18/01/2026 15:57:54.998 -03] [tenantId=] [---- traceId -----              ] [main                             ] [DEBUG] [com.example.orcamento.security.JwtAuthenticationFilter                ] Filter 'jwtAuthenticationFilter' configured for use 
[18/01/2026 15:57:54.999 -03] [tenantId=] [---- traceId -----              ] [main                             ] [DEBUG] [com.example.orcamento.logging.TenantLoggingFilter                     ] Filter 'tenantLoggingFilter' configured for use 
[18/01/2026 15:57:55.079 -03] [tenantId=] [---- traceId -----              ] [main                             ] [INFO ] [org.springframework.data.jpa.repository.query.QueryEnhancerFactory    ] Hibernate is in classpath; If applicable, HQL parser will be used. 
[18/01/2026 15:57:57.562 -03] [tenantId=] [---- traceId -----              ] [main                             ] [WARN ] [o.s.b.autoconfigure.orm.jpa.JpaBaseConfiguration$JpaWebConfiguration  ] spring.jpa.open-in-view is enabled by default. Therefore, database queries may be performed during view rendering. Explicitly configure spring.jpa.open-in-view to disable this warning 
[18/01/2026 15:57:57.639 -03] [tenantId=] [---- traceId -----              ] [main                             ] [INFO ] [o.s.s.c.a.a.c.InitializeUserDetailsBeanManagerConfigurer$InitializeUserDetailsManagerConfigurer] Global AuthenticationManager configured with UserDetailsService bean with name customUserDetailsService 
[18/01/2026 15:57:58.669 -03] [tenantId=] [---- traceId -----              ] [main                             ] [INFO ] [org.springframework.boot.actuate.endpoint.web.EndpointLinksResolver   ] Exposing 1 endpoint beneath base path '/actuator' 
[18/01/2026 15:57:58.778 -03] [tenantId=] [---- traceId -----              ] [main                             ] [WARN ] [o.s.s.c.a.w.c.AuthorizeHttpRequestsConfigurer$AuthorizationManagerRequestMatcherRegistry] One of the patterns in [api/v1/pessoas/**] is missing a leading slash. This is discouraged; please include the leading slash in all your request matcher patterns. In future versions of Spring Security, leaving out the leading slash will result in an exception. 
[18/01/2026 15:57:59.496 -03] [tenantId=] [---- traceId -----              ] [main                             ] [INFO ] [org.apache.coyote.http11.Http11NioProtocol                            ] Starting ProtocolHandler ["http-nio-8045"] 
[18/01/2026 15:57:59.533 -03] [tenantId=] [---- traceId -----              ] [main                             ] [INFO ] [org.springframework.boot.web.embedded.tomcat.TomcatWebServer          ] Tomcat started on port 8045 (http) with context path '/' 
[18/01/2026 15:57:59.549 -03] [tenantId=] [---- traceId -----              ] [main                             ] [INFO ] [com.example.orcamento.OrcamentoApplication                            ] Started OrcamentoApplication in 11.533 seconds (process running for 13.897) 
[18/01/2026 15:57:59.983 -03] [tenantId=] [---- traceId -----              ] [main                             ] [INFO ] [com.example.orcamento.config.DataInitializer                          ] Usuários já existem no banco. Nenhum usuário admin criado. 
[18/01/2026 16:00:17.881 -03] [tenantId=] [---- traceId -----              ] [http-nio-8045-exec-1             ] [INFO ] [org.apache.catalina.core.ContainerBase.[Tomcat].[localhost].[/]       ] Initializing Spring DispatcherServlet 'dispatcherServlet' 
[18/01/2026 16:00:17.882 -03] [tenantId=] [---- traceId -----              ] [http-nio-8045-exec-1             ] [INFO ] [org.springframework.web.servlet.DispatcherServlet                     ] Initializing Servlet 'dispatcherServlet' 
[18/01/2026 16:00:17.884 -03] [tenantId=] [---- traceId -----              ] [http-nio-8045-exec-1             ] [INFO ] [org.springframework.web.servlet.DispatcherServlet                     ] Completed initialization in 2 ms 
[18/01/2026 16:00:17.925 -03] [tenantId=] [---- traceId -----              ] [http-nio-8045-exec-1             ] [DEBUG] [com.example.orcamento.logging.TenantLoggingFilter                     ] Iniciando filtro de tenant para: GET /actuator/info 
[18/01/2026 16:00:17.925 -03] [tenantId=] [---- traceId -----              ] [http-nio-8045-exec-1             ] [DEBUG] [com.example.orcamento.logging.TenantLoggingFilter                     ] Tenant ID obtido: null 
[18/01/2026 16:00:17.926 -03] [tenantId=] [---- traceId -----              ] [http-nio-8045-exec-1             ] [INFO ] [com.example.orcamento.logging.TenantLoggingFilter                     ] [TENANT] Nova requisição recebida | tenantId=null | método=GET | endpoint=/actuator/info 
[18/01/2026 16:02:31.832 -03] [tenantId=] [---- traceId -----              ] [SpringApplicationShutdownHook    ] [INFO ] [org.springframework.boot.web.embedded.tomcat.GracefulShutdown         ] Commencing graceful shutdown. Waiting for active requests to complete 
[18/01/2026 16:02:31.842 -03] [tenantId=] [---- traceId -----              ] [tomcat-shutdown                  ] [INFO ] [org.springframework.boot.web.embedded.tomcat.GracefulShutdown         ] Graceful shutdown complete 
[18/01/2026 16:02:31.850 -03] [tenantId=] [---- traceId -----              ] [SpringApplicationShutdownHook    ] [INFO ] [org.springframework.orm.jpa.LocalContainerEntityManagerFactoryBean    ] Closing JPA EntityManagerFactory for persistence unit 'default' 
[18/01/2026 16:02:31.852 -03] [tenantId=] [---- traceId -----              ] [SpringApplicationShutdownHook    ] [INFO ] [com.zaxxer.hikari.HikariDataSource                                    ] HikariPool-1 - Shutdown initiated... 
[18/01/2026 16:02:31.855 -03] [tenantId=] [---- traceId -----              ] [SpringApplicationShutdownHook    ] [INFO ] [com.zaxxer.hikari.HikariDataSource                                    ] HikariPool-1 - Shutdown completed. 
[18/01/2026 16:02:36.627 -03] [tenantId=] [---- traceId -----              ] [background-preinit               ] [INFO ] [org.hibernate.validator.internal.util.Version                         ] HV000001: Hibernate Validator 8.0.2.Final 
[18/01/2026 16:02:36.691 -03] [tenantId=] [---- traceId -----              ] [main                             ] [INFO ] [com.example.orcamento.OrcamentoApplication                            ] Starting OrcamentoApplication v1.0.0 using Java 21.0.6 with PID 34796 (C:\Projetos\orcamento\target\orcamento-1.0.0.jar started by Meu Computador in C:\Projetos\orcamento) 
[18/01/2026 16:02:36.693 -03] [tenantId=] [---- traceId -----              ] [main                             ] [DEBUG] [com.example.orcamento.OrcamentoApplication                            ] Running with Spring Boot v3.4.3, Spring v6.2.3 
[18/01/2026 16:02:36.694 -03] [tenantId=] [---- traceId -----              ] [main                             ] [INFO ] [com.example.orcamento.OrcamentoApplication                            ] No active profile set, falling back to 1 default profile: "default" 
[18/01/2026 16:02:37.922 -03] [tenantId=] [---- traceId -----              ] [main                             ] [INFO ] [o.s.data.repository.config.RepositoryConfigurationDelegate            ] Bootstrapping Spring Data JPA repositories in DEFAULT mode. 
[18/01/2026 16:02:38.021 -03] [tenantId=] [---- traceId -----              ] [main                             ] [INFO ] [o.s.data.repository.config.RepositoryConfigurationDelegate            ] Finished Spring Data repository scanning in 87 ms. Found 21 JPA repository interfaces. 
[18/01/2026 16:02:38.859 -03] [tenantId=] [---- traceId -----              ] [main                             ] [INFO ] [org.springframework.boot.web.embedded.tomcat.TomcatWebServer          ] Tomcat initialized with port 8045 (http) 
[18/01/2026 16:02:38.871 -03] [tenantId=] [---- traceId -----              ] [main                             ] [INFO ] [org.apache.coyote.http11.Http11NioProtocol                            ] Initializing ProtocolHandler ["http-nio-8045"] 
[18/01/2026 16:02:38.873 -03] [tenantId=] [---- traceId -----              ] [main                             ] [INFO ] [org.apache.catalina.core.StandardService                              ] Starting service [Tomcat] 
[18/01/2026 16:02:38.873 -03] [tenantId=] [---- traceId -----              ] [main                             ] [INFO ] [org.apache.catalina.core.StandardEngine                               ] Starting Servlet engine: [Apache Tomcat/10.1.36] 
[18/01/2026 16:02:38.908 -03] [tenantId=] [---- traceId -----              ] [main                             ] [INFO ] [org.apache.catalina.core.ContainerBase.[Tomcat].[localhost].[/]       ] Initializing Spring embedded WebApplicationContext 
[18/01/2026 16:02:38.908 -03] [tenantId=] [---- traceId -----              ] [main                             ] [INFO ] [o.s.boot.web.servlet.context.ServletWebServerApplicationContext       ] Root WebApplicationContext: initialization completed in 2163 ms 
[18/01/2026 16:02:39.047 -03] [tenantId=] [---- traceId -----              ] [main                             ] [INFO ] [com.example.orcamento.logging.TenantLoggingFilter                     ] Inicializando TenantLoggingFilter... 
[18/01/2026 16:02:39.049 -03] [tenantId=] [---- traceId -----              ] [main                             ] [INFO ] [com.example.orcamento.logging.TenantLoggingFilter                     ] Tentando carregar a classe TenantContext... 
[18/01/2026 16:02:39.049 -03] [tenantId=] [---- traceId -----              ] [main                             ] [INFO ] [com.example.orcamento.logging.TenantLoggingFilter                     ] ✅ TenantContext carregado com sucesso: class com.example.orcamento.security.TenantContext 
[18/01/2026 16:02:39.050 -03] [tenantId=] [---- traceId -----              ] [main                             ] [INFO ] [com.example.orcamento.logging.TenantLoggingFilter                     ] 🔍 ClassLoader do TenantContext: org.springframework.boot.loader.launch.LaunchedClassLoader@6193b845 
[18/01/2026 16:02:39.050 -03] [tenantId=] [---- traceId -----              ] [main                             ] [INFO ] [com.example.orcamento.logging.TenantLoggingFilter                     ] 🔍 ClassLoader do TenantLoggingFilter: org.springframework.boot.loader.launch.LaunchedClassLoader@6193b845 
[18/01/2026 16:02:39.050 -03] [tenantId=] [---- traceId -----              ] [main                             ] [INFO ] [com.example.orcamento.logging.TenantLoggingFilter                     ] 🔍 Verificando métodos de TenantContext... 
[18/01/2026 16:02:39.052 -03] [tenantId=] [---- traceId -----              ] [main                             ] [INFO ] [com.example.orcamento.logging.TenantLoggingFilter                     ] ✅ Método encontrado: public static java.lang.String com.example.orcamento.security.TenantContext.getTenantId() 
[18/01/2026 16:02:39.053 -03] [tenantId=] [---- traceId -----              ] [main                             ] [INFO ] [com.example.orcamento.logging.TenantLoggingFilter                     ] ✅ Método encontrado: public static void com.example.orcamento.security.TenantContext.setTenantId(java.lang.String) 
[18/01/2026 16:02:39.053 -03] [tenantId=] [---- traceId -----              ] [main                             ] [INFO ] [com.example.orcamento.logging.TenantLoggingFilter                     ] ✅ Chamada estática para TenantContext.getTenantId() retornou: null 
[18/01/2026 16:02:39.216 -03] [tenantId=] [---- traceId -----              ] [main                             ] [INFO ] [org.hibernate.jpa.internal.util.LogHelper                             ] HHH000204: Processing PersistenceUnitInfo [name: default] 
[18/01/2026 16:02:39.284 -03] [tenantId=] [---- traceId -----              ] [main                             ] [INFO ] [org.hibernate.Version                                                 ] HHH000412: Hibernate ORM core version 6.6.8.Final 
[18/01/2026 16:02:39.327 -03] [tenantId=] [---- traceId -----              ] [main                             ] [INFO ] [org.hibernate.cache.internal.RegionFactoryInitiator                   ] HHH000026: Second-level cache disabled 
[18/01/2026 16:02:39.597 -03] [tenantId=] [---- traceId -----              ] [main                             ] [INFO ] [org.springframework.orm.jpa.persistenceunit.SpringPersistenceUnitInfo ] No LoadTimeWeaver setup: ignoring JPA class transformer 
[18/01/2026 16:02:39.625 -03] [tenantId=] [---- traceId -----              ] [main                             ] [INFO ] [com.zaxxer.hikari.HikariDataSource                                    ] HikariPool-1 - Starting... 
[18/01/2026 16:02:39.782 -03] [tenantId=] [---- traceId -----              ] [main                             ] [INFO ] [com.zaxxer.hikari.pool.HikariPool                                     ] HikariPool-1 - Added connection com.mysql.cj.jdbc.ConnectionImpl@318511f0 
[18/01/2026 16:02:39.784 -03] [tenantId=] [---- traceId -----              ] [main                             ] [INFO ] [com.zaxxer.hikari.HikariDataSource                                    ] HikariPool-1 - Start completed. 
[18/01/2026 16:02:39.849 -03] [tenantId=] [---- traceId -----              ] [main                             ] [INFO ] [org.hibernate.orm.connections.pooling                                 ] HHH10001005: Database info:
	Database JDBC URL [Connecting through datasource 'HikariDataSource (HikariPool-1)']
	Database driver: undefined/unknown
	Database version: 8.0.33
	Autocommit mode: undefined/unknown
	Isolation level: undefined/unknown
	Minimum pool size: undefined/unknown
	Maximum pool size: undefined/unknown 
[18/01/2026 16:02:40.935 -03] [tenantId=] [---- traceId -----              ] [main                             ] [INFO ] [o.h.engine.transaction.jta.platform.internal.JtaPlatformInitiator     ] HHH000489: No JTA platform available (set 'hibernate.transaction.jta.platform' to enable JTA platform integration) 
[18/01/2026 16:02:41.050 -03] [tenantId=] [---- traceId -----              ] [main                             ] [INFO ] [org.springframework.orm.jpa.LocalContainerEntityManagerFactoryBean    ] Initialized JPA EntityManagerFactory for persistence unit 'default' 
[18/01/2026 16:02:41.421 -03] [tenantId=] [---- traceId -----              ] [main                             ] [DEBUG] [com.example.orcamento.security.JwtAuthenticationFilter                ] Filter 'jwtAuthenticationFilter' configured for use 
[18/01/2026 16:02:41.424 -03] [tenantId=] [---- traceId -----              ] [main                             ] [DEBUG] [com.example.orcamento.logging.TenantLoggingFilter                     ] Filter 'tenantLoggingFilter' configured for use 
[18/01/2026 16:02:41.510 -03] [tenantId=] [---- traceId -----              ] [main                             ] [INFO ] [org.springframework.data.jpa.repository.query.QueryEnhancerFactory    ] Hibernate is in classpath; If applicable, HQL parser will be used. 
[18/01/2026 16:02:43.613 -03] [tenantId=] [---- traceId -----              ] [main                             ] [WARN ] [o.s.b.autoconfigure.orm.jpa.JpaBaseConfiguration$JpaWebConfiguration  ] spring.jpa.open-in-view is enabled by default. Therefore, database queries may be performed during view rendering. Explicitly configure spring.jpa.open-in-view to disable this warning 
[18/01/2026 16:02:43.648 -03] [tenantId=] [---- traceId -----              ] [main                             ] [INFO ] [o.s.s.c.a.a.c.InitializeUserDetailsBeanManagerConfigurer$InitializeUserDetailsManagerConfigurer] Global AuthenticationManager configured with UserDetailsService bean with name customUserDetailsService 
[18/01/2026 16:02:44.069 -03] [tenantId=] [---- traceId -----              ] [main                             ] [INFO ] [org.springframework.boot.actuate.endpoint.web.EndpointLinksResolver   ] Exposing 1 endpoint beneath base path '/actuator' 
[18/01/2026 16:02:44.141 -03] [tenantId=] [---- traceId -----              ] [main                             ] [WARN ] [o.s.s.c.a.w.c.AuthorizeHttpRequestsConfigurer$AuthorizationManagerRequestMatcherRegistry] One of the patterns in [api/v1/pessoas/**] is missing a leading slash. This is discouraged; please include the leading slash in all your request matcher patterns. In future versions of Spring Security, leaving out the leading slash will result in an exception. 
[18/01/2026 16:02:44.619 -03] [tenantId=] [---- traceId -----              ] [main                             ] [INFO ] [org.apache.coyote.http11.Http11NioProtocol                            ] Starting ProtocolHandler ["http-nio-8045"] 
[18/01/2026 16:02:44.634 -03] [tenantId=] [---- traceId -----              ] [main                             ] [INFO ] [org.springframework.boot.web.embedded.tomcat.TomcatWebServer          ] Tomcat started on port 8045 (http) with context path '/' 
[18/01/2026 16:02:44.645 -03] [tenantId=] [---- traceId -----              ] [main                             ] [INFO ] [com.example.orcamento.OrcamentoApplication                            ] Started OrcamentoApplication in 8.315 seconds (process running for 9.024) 
[18/01/2026 16:02:44.771 -03] [tenantId=] [---- traceId -----              ] [main                             ] [INFO ] [com.example.orcamento.config.DataInitializer                          ] Usuários já existem no banco. Nenhum usuário admin criado. 
[18/01/2026 16:03:11.115 -03] [tenantId=] [---- traceId -----              ] [SpringApplicationShutdownHook    ] [INFO ] [org.springframework.boot.web.embedded.tomcat.GracefulShutdown         ] Commencing graceful shutdown. Waiting for active requests to complete 
[18/01/2026 16:03:11.128 -03] [tenantId=] [---- traceId -----              ] [tomcat-shutdown                  ] [INFO ] [org.springframework.boot.web.embedded.tomcat.GracefulShutdown         ] Graceful shutdown complete 
[18/01/2026 16:03:11.137 -03] [tenantId=] [---- traceId -----              ] [SpringApplicationShutdownHook    ] [INFO ] [org.springframework.orm.jpa.LocalContainerEntityManagerFactoryBean    ] Closing JPA EntityManagerFactory for persistence unit 'default' 
[18/01/2026 16:03:11.139 -03] [tenantId=] [---- traceId -----              ] [SpringApplicationShutdownHook    ] [INFO ] [com.zaxxer.hikari.HikariDataSource                                    ] HikariPool-1 - Shutdown initiated... 
[18/01/2026 16:03:11.152 -03] [tenantId=] [---- traceId -----              ] [SpringApplicationShutdownHook    ] [INFO ] [com.zaxxer.hikari.HikariDataSource                                    ] HikariPool-1 - Shutdown completed. 
[18/01/2026 16:03:53.743 -03] [tenantId=] [---- traceId -----              ] [background-preinit               ] [INFO ] [org.hibernate.validator.internal.util.Version                         ] HV000001: Hibernate Validator 8.0.2.Final 
[18/01/2026 16:03:53.804 -03] [tenantId=] [---- traceId -----              ] [main                             ] [INFO ] [com.example.orcamento.OrcamentoApplication                            ] Starting OrcamentoApplication v1.0.0 using Java 21.0.6 with PID 41836 (C:\Projetos\orcamento\target\orcamento-1.0.0.jar started by Meu Computador in C:\Projetos\orcamento) 
[18/01/2026 16:03:53.805 -03] [tenantId=] [---- traceId -----              ] [main                             ] [DEBUG] [com.example.orcamento.OrcamentoApplication                            ] Running with Spring Boot v3.4.3, Spring v6.2.3 
[18/01/2026 16:03:53.806 -03] [tenantId=] [---- traceId -----              ] [main                             ] [INFO ] [com.example.orcamento.OrcamentoApplication                            ] No active profile set, falling back to 1 default profile: "default" 
[18/01/2026 16:03:54.981 -03] [tenantId=] [---- traceId -----              ] [main                             ] [INFO ] [o.s.data.repository.config.RepositoryConfigurationDelegate            ] Bootstrapping Spring Data JPA repositories in DEFAULT mode. 
[18/01/2026 16:03:55.074 -03] [tenantId=] [---- traceId -----              ] [main                             ] [INFO ] [o.s.data.repository.config.RepositoryConfigurationDelegate            ] Finished Spring Data repository scanning in 83 ms. Found 21 JPA repository interfaces. 
[18/01/2026 16:03:55.912 -03] [tenantId=] [---- traceId -----              ] [main                             ] [INFO ] [org.springframework.boot.web.embedded.tomcat.TomcatWebServer          ] Tomcat initialized with port 8045 (http) 
[18/01/2026 16:03:55.923 -03] [tenantId=] [---- traceId -----              ] [main                             ] [INFO ] [org.apache.coyote.http11.Http11NioProtocol                            ] Initializing ProtocolHandler ["http-nio-8045"] 
[18/01/2026 16:03:55.927 -03] [tenantId=] [---- traceId -----              ] [main                             ] [INFO ] [org.apache.catalina.core.StandardService                              ] Starting service [Tomcat] 
[18/01/2026 16:03:55.927 -03] [tenantId=] [---- traceId -----              ] [main                             ] [INFO ] [org.apache.catalina.core.StandardEngine                               ] Starting Servlet engine: [Apache Tomcat/10.1.36] 
[18/01/2026 16:03:55.961 -03] [tenantId=] [---- traceId -----              ] [main                             ] [INFO ] [org.apache.catalina.core.ContainerBase.[Tomcat].[localhost].[/]       ] Initializing Spring embedded WebApplicationContext 
[18/01/2026 16:03:55.962 -03] [tenantId=] [---- traceId -----              ] [main                             ] [INFO ] [o.s.boot.web.servlet.context.ServletWebServerApplicationContext       ] Root WebApplicationContext: initialization completed in 2112 ms 
[18/01/2026 16:03:56.140 -03] [tenantId=] [---- traceId -----              ] [main                             ] [INFO ] [com.example.orcamento.logging.TenantLoggingFilter                     ] Inicializando TenantLoggingFilter... 
[18/01/2026 16:03:56.141 -03] [tenantId=] [---- traceId -----              ] [main                             ] [INFO ] [com.example.orcamento.logging.TenantLoggingFilter                     ] Tentando carregar a classe TenantContext... 
[18/01/2026 16:03:56.141 -03] [tenantId=] [---- traceId -----              ] [main                             ] [INFO ] [com.example.orcamento.logging.TenantLoggingFilter                     ] ✅ TenantContext carregado com sucesso: class com.example.orcamento.security.TenantContext 
[18/01/2026 16:03:56.143 -03] [tenantId=] [---- traceId -----              ] [main                             ] [INFO ] [com.example.orcamento.logging.TenantLoggingFilter                     ] 🔍 ClassLoader do TenantContext: org.springframework.boot.loader.launch.LaunchedClassLoader@6193b845 
[18/01/2026 16:03:56.143 -03] [tenantId=] [---- traceId -----              ] [main                             ] [INFO ] [com.example.orcamento.logging.TenantLoggingFilter                     ] 🔍 ClassLoader do TenantLoggingFilter: org.springframework.boot.loader.launch.LaunchedClassLoader@6193b845 
[18/01/2026 16:03:56.144 -03] [tenantId=] [---- traceId -----              ] [main                             ] [INFO ] [com.example.orcamento.logging.TenantLoggingFilter                     ] 🔍 Verificando métodos de TenantContext... 
[18/01/2026 16:03:56.145 -03] [tenantId=] [---- traceId -----              ] [main                             ] [INFO ] [com.example.orcamento.logging.TenantLoggingFilter                     ] ✅ Método encontrado: public static void com.example.orcamento.security.TenantContext.setTenantId(java.lang.String) 
[18/01/2026 16:03:56.145 -03] [tenantId=] [---- traceId -----              ] [main                             ] [INFO ] [com.example.orcamento.logging.TenantLoggingFilter                     ] ✅ Método encontrado: public static java.lang.String com.example.orcamento.security.TenantContext.getTenantId() 
[18/01/2026 16:03:56.146 -03] [tenantId=] [---- traceId -----              ] [main                             ] [INFO ] [com.example.orcamento.logging.TenantLoggingFilter                     ] ✅ Chamada estática para TenantContext.getTenantId() retornou: null 
[18/01/2026 16:03:56.318 -03] [tenantId=] [---- traceId -----              ] [main                             ] [INFO ] [org.hibernate.jpa.internal.util.LogHelper                             ] HHH000204: Processing PersistenceUnitInfo [name: default] 
[18/01/2026 16:03:56.383 -03] [tenantId=] [---- traceId -----              ] [main                             ] [INFO ] [org.hibernate.Version                                                 ] HHH000412: Hibernate ORM core version 6.6.8.Final 
[18/01/2026 16:03:56.423 -03] [tenantId=] [---- traceId -----              ] [main                             ] [INFO ] [org.hibernate.cache.internal.RegionFactoryInitiator                   ] HHH000026: Second-level cache disabled 
[18/01/2026 16:03:56.720 -03] [tenantId=] [---- traceId -----              ] [main                             ] [INFO ] [org.springframework.orm.jpa.persistenceunit.SpringPersistenceUnitInfo ] No LoadTimeWeaver setup: ignoring JPA class transformer 
[18/01/2026 16:03:56.754 -03] [tenantId=] [---- traceId -----              ] [main                             ] [INFO ] [com.zaxxer.hikari.HikariDataSource                                    ] HikariPool-1 - Starting... 
[18/01/2026 16:03:56.941 -03] [tenantId=] [---- traceId -----              ] [main                             ] [INFO ] [com.zaxxer.hikari.pool.HikariPool                                     ] HikariPool-1 - Added connection com.mysql.cj.jdbc.ConnectionImpl@de40aa1 
[18/01/2026 16:03:56.944 -03] [tenantId=] [---- traceId -----              ] [main                             ] [INFO ] [com.zaxxer.hikari.HikariDataSource                                    ] HikariPool-1 - Start completed. 
[18/01/2026 16:03:57.007 -03] [tenantId=] [---- traceId -----              ] [main                             ] [INFO ] [org.hibernate.orm.connections.pooling                                 ] HHH10001005: Database info:
	Database JDBC URL [Connecting through datasource 'HikariDataSource (HikariPool-1)']
	Database driver: undefined/unknown
	Database version: 8.0.33
	Autocommit mode: undefined/unknown
	Isolation level: undefined/unknown
	Minimum pool size: undefined/unknown
	Maximum pool size: undefined/unknown 
[18/01/2026 16:03:58.117 -03] [tenantId=] [---- traceId -----              ] [main                             ] [INFO ] [o.h.engine.transaction.jta.platform.internal.JtaPlatformInitiator     ] HHH000489: No JTA platform available (set 'hibernate.transaction.jta.platform' to enable JTA platform integration) 
[18/01/2026 16:03:58.244 -03] [tenantId=] [---- traceId -----              ] [main                             ] [INFO ] [org.springframework.orm.jpa.LocalContainerEntityManagerFactoryBean    ] Initialized JPA EntityManagerFactory for persistence unit 'default' 
[18/01/2026 16:03:58.583 -03] [tenantId=] [---- traceId -----              ] [main                             ] [DEBUG] [com.example.orcamento.security.JwtAuthenticationFilter                ] Filter 'jwtAuthenticationFilter' configured for use 
[18/01/2026 16:03:58.585 -03] [tenantId=] [---- traceId -----              ] [main                             ] [DEBUG] [com.example.orcamento.logging.TenantLoggingFilter                     ] Filter 'tenantLoggingFilter' configured for use 
[18/01/2026 16:03:58.656 -03] [tenantId=] [---- traceId -----              ] [main                             ] [INFO ] [org.springframework.data.jpa.repository.query.QueryEnhancerFactory    ] Hibernate is in classpath; If applicable, HQL parser will be used. 
[18/01/2026 16:04:00.754 -03] [tenantId=] [---- traceId -----              ] [main                             ] [WARN ] [o.s.b.autoconfigure.orm.jpa.JpaBaseConfiguration$JpaWebConfiguration  ] spring.jpa.open-in-view is enabled by default. Therefore, database queries may be performed during view rendering. Explicitly configure spring.jpa.open-in-view to disable this warning 
[18/01/2026 16:04:00.785 -03] [tenantId=] [---- traceId -----              ] [main                             ] [INFO ] [o.s.s.c.a.a.c.InitializeUserDetailsBeanManagerConfigurer$InitializeUserDetailsManagerConfigurer] Global AuthenticationManager configured with UserDetailsService bean with name customUserDetailsService 
[18/01/2026 16:04:01.210 -03] [tenantId=] [---- traceId -----              ] [main                             ] [INFO ] [org.springframework.boot.actuate.endpoint.web.EndpointLinksResolver   ] Exposing 1 endpoint beneath base path '/actuator' 
[18/01/2026 16:04:01.297 -03] [tenantId=] [---- traceId -----              ] [main                             ] [WARN ] [o.s.s.c.a.w.c.AuthorizeHttpRequestsConfigurer$AuthorizationManagerRequestMatcherRegistry] One of the patterns in [api/v1/pessoas/**] is missing a leading slash. This is discouraged; please include the leading slash in all your request matcher patterns. In future versions of Spring Security, leaving out the leading slash will result in an exception. 
[18/01/2026 16:04:01.835 -03] [tenantId=] [---- traceId -----              ] [main                             ] [INFO ] [org.apache.coyote.http11.Http11NioProtocol                            ] Starting ProtocolHandler ["http-nio-8045"] 
[18/01/2026 16:04:01.856 -03] [tenantId=] [---- traceId -----              ] [main                             ] [INFO ] [org.springframework.boot.web.embedded.tomcat.TomcatWebServer          ] Tomcat started on port 8045 (http) with context path '/' 
[18/01/2026 16:04:01.869 -03] [tenantId=] [---- traceId -----              ] [main                             ] [INFO ] [com.example.orcamento.OrcamentoApplication                            ] Started OrcamentoApplication in 8.418 seconds (process running for 9.19) 
[18/01/2026 16:04:02.017 -03] [tenantId=] [---- traceId -----              ] [main                             ] [INFO ] [com.example.orcamento.config.DataInitializer                          ] Usuários já existem no banco. Nenhum usuário admin criado. 
[18/01/2026 16:04:05.611 -03] [tenantId=] [---- traceId -----              ] [http-nio-8045-exec-1             ] [INFO ] [org.apache.catalina.core.ContainerBase.[Tomcat].[localhost].[/]       ] Initializing Spring DispatcherServlet 'dispatcherServlet' 
[18/01/2026 16:04:05.612 -03] [tenantId=] [---- traceId -----              ] [http-nio-8045-exec-1             ] [INFO ] [org.springframework.web.servlet.DispatcherServlet                     ] Initializing Servlet 'dispatcherServlet' 
[18/01/2026 16:04:05.615 -03] [tenantId=] [---- traceId -----              ] [http-nio-8045-exec-1             ] [INFO ] [org.springframework.web.servlet.DispatcherServlet                     ] Completed initialization in 3 ms 
[18/01/2026 16:04:05.663 -03] [tenantId=] [---- traceId -----              ] [http-nio-8045-exec-1             ] [DEBUG] [com.example.orcamento.logging.TenantLoggingFilter                     ] Iniciando filtro de tenant para: GET /actuator/info 
[18/01/2026 16:04:05.664 -03] [tenantId=] [---- traceId -----              ] [http-nio-8045-exec-1             ] [DEBUG] [com.example.orcamento.logging.TenantLoggingFilter                     ] Tenant ID obtido: null 
[18/01/2026 16:04:05.665 -03] [tenantId=] [---- traceId -----              ] [http-nio-8045-exec-1             ] [INFO ] [com.example.orcamento.logging.TenantLoggingFilter                     ] [TENANT] Nova requisição recebida | tenantId=null | método=GET | endpoint=/actuator/info 
[18/01/2026 16:04:12.512 -03] [tenantId=] [---- traceId -----              ] [http-nio-8045-exec-2             ] [DEBUG] [com.example.orcamento.logging.TenantLoggingFilter                     ] Iniciando filtro de tenant para: GET /actuator/info 
[18/01/2026 16:04:12.512 -03] [tenantId=] [---- traceId -----              ] [http-nio-8045-exec-2             ] [DEBUG] [com.example.orcamento.logging.TenantLoggingFilter                     ] Tenant ID obtido: null 
[18/01/2026 16:04:12.512 -03] [tenantId=] [---- traceId -----              ] [http-nio-8045-exec-2             ] [INFO ] [com.example.orcamento.logging.TenantLoggingFilter                     ] [TENANT] Nova requisição recebida | tenantId=null | método=GET | endpoint=/actuator/info 
[18/01/2026 16:04:12.523 -03] [tenantId=] [---- traceId -----              ] [http-nio-8045-exec-2             ] [ERROR] [com.example.orcamento.security.SecurityConfig                         ] Acesso negado: Access Denied 
[18/01/2026 16:04:14.052 -03] [tenantId=] [---- traceId -----              ] [http-nio-8045-exec-3             ] [DEBUG] [com.example.orcamento.logging.TenantLoggingFilter                     ] Iniciando filtro de tenant para: GET /actuator/info 
[18/01/2026 16:04:14.053 -03] [tenantId=] [---- traceId -----              ] [http-nio-8045-exec-3             ] [DEBUG] [com.example.orcamento.logging.TenantLoggingFilter                     ] Tenant ID obtido: null 
[18/01/2026 16:04:14.053 -03] [tenantId=] [---- traceId -----              ] [http-nio-8045-exec-3             ] [INFO ] [com.example.orcamento.logging.TenantLoggingFilter                     ] [TENANT] Nova requisição recebida | tenantId=null | método=GET | endpoint=/actuator/info 
[18/01/2026 16:04:14.054 -03] [tenantId=] [---- traceId -----              ] [http-nio-8045-exec-3             ] [ERROR] [com.example.orcamento.security.SecurityConfig                         ] Acesso negado: Access Denied 
[18/01/2026 16:06:14.170 -03] [tenantId=] [---- traceId -----              ] [SpringApplicationShutdownHook    ] [INFO ] [org.springframework.boot.web.embedded.tomcat.GracefulShutdown         ] Commencing graceful shutdown. Waiting for active requests to complete 
[18/01/2026 16:06:14.181 -03] [tenantId=] [---- traceId -----              ] [tomcat-shutdown                  ] [INFO ] [org.springframework.boot.web.embedded.tomcat.GracefulShutdown         ] Graceful shutdown complete 
[18/01/2026 16:06:14.189 -03] [tenantId=] [---- traceId -----              ] [SpringApplicationShutdownHook    ] [INFO ] [org.springframework.orm.jpa.LocalContainerEntityManagerFactoryBean    ] Closing JPA EntityManagerFactory for persistence unit 'default' 
[18/01/2026 16:06:14.191 -03] [tenantId=] [---- traceId -----              ] [SpringApplicationShutdownHook    ] [INFO ] [com.zaxxer.hikari.HikariDataSource                                    ] HikariPool-1 - Shutdown initiated... 
[18/01/2026 16:06:14.198 -03] [tenantId=] [---- traceId -----              ] [SpringApplicationShutdownHook    ] [INFO ] [com.zaxxer.hikari.HikariDataSource                                    ] HikariPool-1 - Shutdown completed. 
[18/01/2026 16:06:32.597 -03] [tenantId=] [---- traceId -----              ] [background-preinit               ] [INFO ] [org.hibernate.validator.internal.util.Version                         ] HV000001: Hibernate Validator 8.0.2.Final 
[18/01/2026 16:06:32.660 -03] [tenantId=] [---- traceId -----              ] [main                             ] [INFO ] [com.example.orcamento.OrcamentoApplication                            ] Starting OrcamentoApplication v1.0.0 using Java 21.0.6 with PID 15756 (C:\Projetos\orcamento\target\orcamento-1.0.0.jar started by Meu Computador in C:\Projetos\orcamento) 
[18/01/2026 16:06:32.661 -03] [tenantId=] [---- traceId -----              ] [main                             ] [DEBUG] [com.example.orcamento.OrcamentoApplication                            ] Running with Spring Boot v3.4.3, Spring v6.2.3 
[18/01/2026 16:06:32.662 -03] [tenantId=] [---- traceId -----              ] [main                             ] [INFO ] [com.example.orcamento.OrcamentoApplication                            ] No active profile set, falling back to 1 default profile: "default" 
[18/01/2026 16:06:33.843 -03] [tenantId=] [---- traceId -----              ] [main                             ] [INFO ] [o.s.data.repository.config.RepositoryConfigurationDelegate            ] Bootstrapping Spring Data JPA repositories in DEFAULT mode. 
[18/01/2026 16:06:33.949 -03] [tenantId=] [---- traceId -----              ] [main                             ] [INFO ] [o.s.data.repository.config.RepositoryConfigurationDelegate            ] Finished Spring Data repository scanning in 95 ms. Found 21 JPA repository interfaces. 
[18/01/2026 16:06:34.742 -03] [tenantId=] [---- traceId -----              ] [main                             ] [INFO ] [org.springframework.boot.web.embedded.tomcat.TomcatWebServer          ] Tomcat initialized with port 8045 (http) 
[18/01/2026 16:06:34.758 -03] [tenantId=] [---- traceId -----              ] [main                             ] [INFO ] [org.apache.coyote.http11.Http11NioProtocol                            ] Initializing ProtocolHandler ["http-nio-8045"] 
[18/01/2026 16:06:34.762 -03] [tenantId=] [---- traceId -----              ] [main                             ] [INFO ] [org.apache.catalina.core.StandardService                              ] Starting service [Tomcat] 
[18/01/2026 16:06:34.762 -03] [tenantId=] [---- traceId -----              ] [main                             ] [INFO ] [org.apache.catalina.core.StandardEngine                               ] Starting Servlet engine: [Apache Tomcat/10.1.36] 
[18/01/2026 16:06:34.803 -03] [tenantId=] [---- traceId -----              ] [main                             ] [INFO ] [org.apache.catalina.core.ContainerBase.[Tomcat].[localhost].[/]       ] Initializing Spring embedded WebApplicationContext 
[18/01/2026 16:06:34.803 -03] [tenantId=] [---- traceId -----              ] [main                             ] [INFO ] [o.s.boot.web.servlet.context.ServletWebServerApplicationContext       ] Root WebApplicationContext: initialization completed in 2100 ms 
[18/01/2026 16:06:34.998 -03] [tenantId=] [---- traceId -----              ] [main                             ] [INFO ] [com.example.orcamento.logging.TenantLoggingFilter                     ] Inicializando TenantLoggingFilter... 
[18/01/2026 16:06:34.998 -03] [tenantId=] [---- traceId -----              ] [main                             ] [INFO ] [com.example.orcamento.logging.TenantLoggingFilter                     ] Tentando carregar a classe TenantContext... 
[18/01/2026 16:06:34.999 -03] [tenantId=] [---- traceId -----              ] [main                             ] [INFO ] [com.example.orcamento.logging.TenantLoggingFilter                     ] ✅ TenantContext carregado com sucesso: class com.example.orcamento.security.TenantContext 
[18/01/2026 16:06:35.000 -03] [tenantId=] [---- traceId -----              ] [main                             ] [INFO ] [com.example.orcamento.logging.TenantLoggingFilter                     ] 🔍 ClassLoader do TenantContext: org.springframework.boot.loader.launch.LaunchedClassLoader@6193b845 
[18/01/2026 16:06:35.001 -03] [tenantId=] [---- traceId -----              ] [main                             ] [INFO ] [com.example.orcamento.logging.TenantLoggingFilter                     ] 🔍 ClassLoader do TenantLoggingFilter: org.springframework.boot.loader.launch.LaunchedClassLoader@6193b845 
[18/01/2026 16:06:35.002 -03] [tenantId=] [---- traceId -----              ] [main                             ] [INFO ] [com.example.orcamento.logging.TenantLoggingFilter                     ] 🔍 Verificando métodos de TenantContext... 
[18/01/2026 16:06:35.003 -03] [tenantId=] [---- traceId -----              ] [main                             ] [INFO ] [com.example.orcamento.logging.TenantLoggingFilter                     ] ✅ Método encontrado: public static void com.example.orcamento.security.TenantContext.setTenantId(java.lang.String) 
[18/01/2026 16:06:35.003 -03] [tenantId=] [---- traceId -----              ] [main                             ] [INFO ] [com.example.orcamento.logging.TenantLoggingFilter                     ] ✅ Método encontrado: public static java.lang.String com.example.orcamento.security.TenantContext.getTenantId() 
[18/01/2026 16:06:35.003 -03] [tenantId=] [---- traceId -----              ] [main                             ] [INFO ] [com.example.orcamento.logging.TenantLoggingFilter                     ] ✅ Chamada estática para TenantContext.getTenantId() retornou: null 
[18/01/2026 16:06:35.166 -03] [tenantId=] [---- traceId -----              ] [main                             ] [INFO ] [org.hibernate.jpa.internal.util.LogHelper                             ] HHH000204: Processing PersistenceUnitInfo [name: default] 
[18/01/2026 16:06:35.230 -03] [tenantId=] [---- traceId -----              ] [main                             ] [INFO ] [org.hibernate.Version                                                 ] HHH000412: Hibernate ORM core version 6.6.8.Final 
[18/01/2026 16:06:35.271 -03] [tenantId=] [---- traceId -----              ] [main                             ] [INFO ] [org.hibernate.cache.internal.RegionFactoryInitiator                   ] HHH000026: Second-level cache disabled 
[18/01/2026 16:06:35.519 -03] [tenantId=] [---- traceId -----              ] [main                             ] [INFO ] [org.springframework.orm.jpa.persistenceunit.SpringPersistenceUnitInfo ] No LoadTimeWeaver setup: ignoring JPA class transformer 
[18/01/2026 16:06:35.550 -03] [tenantId=] [---- traceId -----              ] [main                             ] [INFO ] [com.zaxxer.hikari.HikariDataSource                                    ] HikariPool-1 - Starting... 
[18/01/2026 16:06:35.709 -03] [tenantId=] [---- traceId -----              ] [main                             ] [INFO ] [com.zaxxer.hikari.pool.HikariPool                                     ] HikariPool-1 - Added connection com.mysql.cj.jdbc.ConnectionImpl@642614b7 
[18/01/2026 16:06:35.710 -03] [tenantId=] [---- traceId -----              ] [main                             ] [INFO ] [com.zaxxer.hikari.HikariDataSource                                    ] HikariPool-1 - Start completed. 
[18/01/2026 16:06:35.786 -03] [tenantId=] [---- traceId -----              ] [main                             ] [INFO ] [org.hibernate.orm.connections.pooling                                 ] HHH10001005: Database info:
	Database JDBC URL [Connecting through datasource 'HikariDataSource (HikariPool-1)']
	Database driver: undefined/unknown
	Database version: 8.0.33
	Autocommit mode: undefined/unknown
	Isolation level: undefined/unknown
	Minimum pool size: undefined/unknown
	Maximum pool size: undefined/unknown 
[18/01/2026 16:06:36.949 -03] [tenantId=] [---- traceId -----              ] [main                             ] [INFO ] [o.h.engine.transaction.jta.platform.internal.JtaPlatformInitiator     ] HHH000489: No JTA platform available (set 'hibernate.transaction.jta.platform' to enable JTA platform integration) 
[18/01/2026 16:06:37.067 -03] [tenantId=] [---- traceId -----              ] [main                             ] [INFO ] [org.springframework.orm.jpa.LocalContainerEntityManagerFactoryBean    ] Initialized JPA EntityManagerFactory for persistence unit 'default' 
[18/01/2026 16:06:37.426 -03] [tenantId=] [---- traceId -----              ] [main                             ] [DEBUG] [com.example.orcamento.security.JwtAuthenticationFilter                ] Filter 'jwtAuthenticationFilter' configured for use 
[18/01/2026 16:06:37.428 -03] [tenantId=] [---- traceId -----              ] [main                             ] [DEBUG] [com.example.orcamento.logging.TenantLoggingFilter                     ] Filter 'tenantLoggingFilter' configured for use 
[18/01/2026 16:06:37.489 -03] [tenantId=] [---- traceId -----              ] [main                             ] [INFO ] [org.springframework.data.jpa.repository.query.QueryEnhancerFactory    ] Hibernate is in classpath; If applicable, HQL parser will be used. 
[18/01/2026 16:06:39.497 -03] [tenantId=] [---- traceId -----              ] [main                             ] [WARN ] [o.s.b.autoconfigure.orm.jpa.JpaBaseConfiguration$JpaWebConfiguration  ] spring.jpa.open-in-view is enabled by default. Therefore, database queries may be performed during view rendering. Explicitly configure spring.jpa.open-in-view to disable this warning 
[18/01/2026 16:06:39.534 -03] [tenantId=] [---- traceId -----              ] [main                             ] [INFO ] [o.s.s.c.a.a.c.InitializeUserDetailsBeanManagerConfigurer$InitializeUserDetailsManagerConfigurer] Global AuthenticationManager configured with UserDetailsService bean with name customUserDetailsService 
[18/01/2026 16:06:39.983 -03] [tenantId=] [---- traceId -----              ] [main                             ] [INFO ] [org.springframework.boot.actuate.endpoint.web.EndpointLinksResolver   ] Exposing 3 endpoints beneath base path '/actuator' 
[18/01/2026 16:06:40.064 -03] [tenantId=] [---- traceId -----              ] [main                             ] [WARN ] [o.s.s.c.a.w.c.AuthorizeHttpRequestsConfigurer$AuthorizationManagerRequestMatcherRegistry] One of the patterns in [api/v1/pessoas/**] is missing a leading slash. This is discouraged; please include the leading slash in all your request matcher patterns. In future versions of Spring Security, leaving out the leading slash will result in an exception. 
[18/01/2026 16:06:40.572 -03] [tenantId=] [---- traceId -----              ] [main                             ] [INFO ] [org.apache.coyote.http11.Http11NioProtocol                            ] Starting ProtocolHandler ["http-nio-8045"] 
[18/01/2026 16:06:40.605 -03] [tenantId=] [---- traceId -----              ] [main                             ] [INFO ] [org.springframework.boot.web.embedded.tomcat.TomcatWebServer          ] Tomcat started on port 8045 (http) with context path '/' 
[18/01/2026 16:06:40.617 -03] [tenantId=] [---- traceId -----              ] [main                             ] [INFO ] [com.example.orcamento.OrcamentoApplication                            ] Started OrcamentoApplication in 8.314 seconds (process running for 9.077) 
[18/01/2026 16:06:40.921 -03] [tenantId=] [---- traceId -----              ] [main                             ] [INFO ] [com.example.orcamento.config.DataInitializer                          ] Usuários já existem no banco. Nenhum usuário admin criado. 
[18/01/2026 16:06:46.549 -03] [tenantId=] [---- traceId -----              ] [http-nio-8045-exec-2             ] [INFO ] [org.apache.catalina.core.ContainerBase.[Tomcat].[localhost].[/]       ] Initializing Spring DispatcherServlet 'dispatcherServlet' 
[18/01/2026 16:06:46.549 -03] [tenantId=] [---- traceId -----              ] [http-nio-8045-exec-2             ] [INFO ] [org.springframework.web.servlet.DispatcherServlet                     ] Initializing Servlet 'dispatcherServlet' 
[18/01/2026 16:06:46.552 -03] [tenantId=] [---- traceId -----              ] [http-nio-8045-exec-2             ] [INFO ] [org.springframework.web.servlet.DispatcherServlet                     ] Completed initialization in 1 ms 
[18/01/2026 16:06:46.585 -03] [tenantId=] [---- traceId -----              ] [http-nio-8045-exec-2             ] [DEBUG] [com.example.orcamento.logging.TenantLoggingFilter                     ] Iniciando filtro de tenant para: GET /actuator/info 
[18/01/2026 16:06:46.585 -03] [tenantId=] [---- traceId -----              ] [http-nio-8045-exec-2             ] [DEBUG] [com.example.orcamento.logging.TenantLoggingFilter                     ] Tenant ID obtido: null 
[18/01/2026 16:06:46.585 -03] [tenantId=] [---- traceId -----              ] [http-nio-8045-exec-2             ] [INFO ] [com.example.orcamento.logging.TenantLoggingFilter                     ] [TENANT] Nova requisição recebida | tenantId=null | método=GET | endpoint=/actuator/info 
[18/01/2026 16:06:46.597 -03] [tenantId=] [---- traceId -----              ] [http-nio-8045-exec-2             ] [ERROR] [com.example.orcamento.security.SecurityConfig                         ] Acesso negado: Access Denied 
[18/01/2026 16:07:51.263 -03] [tenantId=] [---- traceId -----              ] [SpringApplicationShutdownHook    ] [INFO ] [org.springframework.boot.web.embedded.tomcat.GracefulShutdown         ] Commencing graceful shutdown. Waiting for active requests to complete 
[18/01/2026 16:07:51.275 -03] [tenantId=] [---- traceId -----              ] [tomcat-shutdown                  ] [INFO ] [org.springframework.boot.web.embedded.tomcat.GracefulShutdown         ] Graceful shutdown complete 
[18/01/2026 16:07:51.284 -03] [tenantId=] [---- traceId -----              ] [SpringApplicationShutdownHook    ] [INFO ] [org.springframework.orm.jpa.LocalContainerEntityManagerFactoryBean    ] Closing JPA EntityManagerFactory for persistence unit 'default' 
[18/01/2026 16:07:51.286 -03] [tenantId=] [---- traceId -----              ] [SpringApplicationShutdownHook    ] [INFO ] [com.zaxxer.hikari.HikariDataSource                                    ] HikariPool-1 - Shutdown initiated... 
[18/01/2026 16:07:51.293 -03] [tenantId=] [---- traceId -----              ] [SpringApplicationShutdownHook    ] [INFO ] [com.zaxxer.hikari.HikariDataSource                                    ] HikariPool-1 - Shutdown completed. 
[18/01/2026 16:08:11.327 -03] [tenantId=] [---- traceId -----              ] [background-preinit               ] [INFO ] [org.hibernate.validator.internal.util.Version                         ] HV000001: Hibernate Validator 8.0.2.Final 
[18/01/2026 16:08:11.386 -03] [tenantId=] [---- traceId -----              ] [main                             ] [INFO ] [com.example.orcamento.OrcamentoApplication                            ] Starting OrcamentoApplication v1.0.0 using Java 21.0.6 with PID 42356 (C:\Projetos\orcamento\target\orcamento-1.0.0.jar started by Meu Computador in C:\Projetos\orcamento) 
[18/01/2026 16:08:11.387 -03] [tenantId=] [---- traceId -----              ] [main                             ] [DEBUG] [com.example.orcamento.OrcamentoApplication                            ] Running with Spring Boot v3.4.3, Spring v6.2.3 
[18/01/2026 16:08:11.387 -03] [tenantId=] [---- traceId -----              ] [main                             ] [INFO ] [com.example.orcamento.OrcamentoApplication                            ] No active profile set, falling back to 1 default profile: "default" 
[18/01/2026 16:08:12.627 -03] [tenantId=] [---- traceId -----              ] [main                             ] [INFO ] [o.s.data.repository.config.RepositoryConfigurationDelegate            ] Bootstrapping Spring Data JPA repositories in DEFAULT mode. 
[18/01/2026 16:08:12.729 -03] [tenantId=] [---- traceId -----              ] [main                             ] [INFO ] [o.s.data.repository.config.RepositoryConfigurationDelegate            ] Finished Spring Data repository scanning in 91 ms. Found 21 JPA repository interfaces. 
[18/01/2026 16:08:13.602 -03] [tenantId=] [---- traceId -----              ] [main                             ] [INFO ] [org.springframework.boot.web.embedded.tomcat.TomcatWebServer          ] Tomcat initialized with port 8045 (http) 
[18/01/2026 16:08:13.617 -03] [tenantId=] [---- traceId -----              ] [main                             ] [INFO ] [org.apache.coyote.http11.Http11NioProtocol                            ] Initializing ProtocolHandler ["http-nio-8045"] 
[18/01/2026 16:08:13.620 -03] [tenantId=] [---- traceId -----              ] [main                             ] [INFO ] [org.apache.catalina.core.StandardService                              ] Starting service [Tomcat] 
[18/01/2026 16:08:13.621 -03] [tenantId=] [---- traceId -----              ] [main                             ] [INFO ] [org.apache.catalina.core.StandardEngine                               ] Starting Servlet engine: [Apache Tomcat/10.1.36] 
[18/01/2026 16:08:13.664 -03] [tenantId=] [---- traceId -----              ] [main                             ] [INFO ] [org.apache.catalina.core.ContainerBase.[Tomcat].[localhost].[/]       ] Initializing Spring embedded WebApplicationContext 
[18/01/2026 16:08:13.665 -03] [tenantId=] [---- traceId -----              ] [main                             ] [INFO ] [o.s.boot.web.servlet.context.ServletWebServerApplicationContext       ] Root WebApplicationContext: initialization completed in 2231 ms 
[18/01/2026 16:08:13.855 -03] [tenantId=] [---- traceId -----              ] [main                             ] [INFO ] [com.example.orcamento.logging.TenantLoggingFilter                     ] Inicializando TenantLoggingFilter... 
[18/01/2026 16:08:13.855 -03] [tenantId=] [---- traceId -----              ] [main                             ] [INFO ] [com.example.orcamento.logging.TenantLoggingFilter                     ] Tentando carregar a classe TenantContext... 
[18/01/2026 16:08:13.856 -03] [tenantId=] [---- traceId -----              ] [main                             ] [INFO ] [com.example.orcamento.logging.TenantLoggingFilter                     ] ✅ TenantContext carregado com sucesso: class com.example.orcamento.security.TenantContext 
[18/01/2026 16:08:13.856 -03] [tenantId=] [---- traceId -----              ] [main                             ] [INFO ] [com.example.orcamento.logging.TenantLoggingFilter                     ] 🔍 ClassLoader do TenantContext: org.springframework.boot.loader.launch.LaunchedClassLoader@6193b845 
[18/01/2026 16:08:13.857 -03] [tenantId=] [---- traceId -----              ] [main                             ] [INFO ] [com.example.orcamento.logging.TenantLoggingFilter                     ] 🔍 ClassLoader do TenantLoggingFilter: org.springframework.boot.loader.launch.LaunchedClassLoader@6193b845 
[18/01/2026 16:08:13.858 -03] [tenantId=] [---- traceId -----              ] [main                             ] [INFO ] [com.example.orcamento.logging.TenantLoggingFilter                     ] 🔍 Verificando métodos de TenantContext... 
[18/01/2026 16:08:13.859 -03] [tenantId=] [---- traceId -----              ] [main                             ] [INFO ] [com.example.orcamento.logging.TenantLoggingFilter                     ] ✅ Método encontrado: public static java.lang.String com.example.orcamento.security.TenantContext.getTenantId() 
[18/01/2026 16:08:13.860 -03] [tenantId=] [---- traceId -----              ] [main                             ] [INFO ] [com.example.orcamento.logging.TenantLoggingFilter                     ] ✅ Método encontrado: public static void com.example.orcamento.security.TenantContext.setTenantId(java.lang.String) 
[18/01/2026 16:08:13.860 -03] [tenantId=] [---- traceId -----              ] [main                             ] [INFO ] [com.example.orcamento.logging.TenantLoggingFilter                     ] ✅ Chamada estática para TenantContext.getTenantId() retornou: null 
[18/01/2026 16:08:14.052 -03] [tenantId=] [---- traceId -----              ] [main                             ] [INFO ] [org.hibernate.jpa.internal.util.LogHelper                             ] HHH000204: Processing PersistenceUnitInfo [name: default] 
[18/01/2026 16:08:14.119 -03] [tenantId=] [---- traceId -----              ] [main                             ] [INFO ] [org.hibernate.Version                                                 ] HHH000412: Hibernate ORM core version 6.6.8.Final 
[18/01/2026 16:08:14.162 -03] [tenantId=] [---- traceId -----              ] [main                             ] [INFO ] [org.hibernate.cache.internal.RegionFactoryInitiator                   ] HHH000026: Second-level cache disabled 
[18/01/2026 16:08:14.444 -03] [tenantId=] [---- traceId -----              ] [main                             ] [INFO ] [org.springframework.orm.jpa.persistenceunit.SpringPersistenceUnitInfo ] No LoadTimeWeaver setup: ignoring JPA class transformer 
[18/01/2026 16:08:14.472 -03] [tenantId=] [---- traceId -----              ] [main                             ] [INFO ] [com.zaxxer.hikari.HikariDataSource                                    ] HikariPool-1 - Starting... 
[18/01/2026 16:08:14.644 -03] [tenantId=] [---- traceId -----              ] [main                             ] [INFO ] [com.zaxxer.hikari.pool.HikariPool                                     ] HikariPool-1 - Added connection com.mysql.cj.jdbc.ConnectionImpl@29174dfe 
[18/01/2026 16:08:14.645 -03] [tenantId=] [---- traceId -----              ] [main                             ] [INFO ] [com.zaxxer.hikari.HikariDataSource                                    ] HikariPool-1 - Start completed. 
[18/01/2026 16:08:14.710 -03] [tenantId=] [---- traceId -----              ] [main                             ] [INFO ] [org.hibernate.orm.connections.pooling                                 ] HHH10001005: Database info:
	Database JDBC URL [Connecting through datasource 'HikariDataSource (HikariPool-1)']
	Database driver: undefined/unknown
	Database version: 8.0.33
	Autocommit mode: undefined/unknown
	Isolation level: undefined/unknown
	Minimum pool size: undefined/unknown
	Maximum pool size: undefined/unknown 
[18/01/2026 16:08:15.910 -03] [tenantId=] [---- traceId -----              ] [main                             ] [INFO ] [o.h.engine.transaction.jta.platform.internal.JtaPlatformInitiator     ] HHH000489: No JTA platform available (set 'hibernate.transaction.jta.platform' to enable JTA platform integration) 
[18/01/2026 16:08:16.034 -03] [tenantId=] [---- traceId -----              ] [main                             ] [INFO ] [org.springframework.orm.jpa.LocalContainerEntityManagerFactoryBean    ] Initialized JPA EntityManagerFactory for persistence unit 'default' 
[18/01/2026 16:08:16.388 -03] [tenantId=] [---- traceId -----              ] [main                             ] [DEBUG] [com.example.orcamento.security.JwtAuthenticationFilter                ] Filter 'jwtAuthenticationFilter' configured for use 
[18/01/2026 16:08:16.390 -03] [tenantId=] [---- traceId -----              ] [main                             ] [DEBUG] [com.example.orcamento.logging.TenantLoggingFilter                     ] Filter 'tenantLoggingFilter' configured for use 
[18/01/2026 16:08:16.460 -03] [tenantId=] [---- traceId -----              ] [main                             ] [INFO ] [org.springframework.data.jpa.repository.query.QueryEnhancerFactory    ] Hibernate is in classpath; If applicable, HQL parser will be used. 
[18/01/2026 16:08:18.547 -03] [tenantId=] [---- traceId -----              ] [main                             ] [WARN ] [o.s.b.autoconfigure.orm.jpa.JpaBaseConfiguration$JpaWebConfiguration  ] spring.jpa.open-in-view is enabled by default. Therefore, database queries may be performed during view rendering. Explicitly configure spring.jpa.open-in-view to disable this warning 
[18/01/2026 16:08:18.576 -03] [tenantId=] [---- traceId -----              ] [main                             ] [INFO ] [o.s.s.c.a.a.c.InitializeUserDetailsBeanManagerConfigurer$InitializeUserDetailsManagerConfigurer] Global AuthenticationManager configured with UserDetailsService bean with name customUserDetailsService 
[18/01/2026 16:08:19.019 -03] [tenantId=] [---- traceId -----              ] [main                             ] [INFO ] [org.springframework.boot.actuate.endpoint.web.EndpointLinksResolver   ] Exposing 3 endpoints beneath base path '/actuator' 
[18/01/2026 16:08:19.099 -03] [tenantId=] [---- traceId -----              ] [main                             ] [WARN ] [o.s.s.c.a.w.c.AuthorizeHttpRequestsConfigurer$AuthorizationManagerRequestMatcherRegistry] One of the patterns in [api/v1/pessoas/**] is missing a leading slash. This is discouraged; please include the leading slash in all your request matcher patterns. In future versions of Spring Security, leaving out the leading slash will result in an exception. 
[18/01/2026 16:08:19.604 -03] [tenantId=] [---- traceId -----              ] [main                             ] [INFO ] [org.apache.coyote.http11.Http11NioProtocol                            ] Starting ProtocolHandler ["http-nio-8045"] 
[18/01/2026 16:08:19.624 -03] [tenantId=] [---- traceId -----              ] [main                             ] [INFO ] [org.springframework.boot.web.embedded.tomcat.TomcatWebServer          ] Tomcat started on port 8045 (http) with context path '/' 
[18/01/2026 16:08:19.636 -03] [tenantId=] [---- traceId -----              ] [main                             ] [INFO ] [com.example.orcamento.OrcamentoApplication                            ] Started OrcamentoApplication in 8.624 seconds (process running for 9.349) 
[18/01/2026 16:08:19.782 -03] [tenantId=] [---- traceId -----              ] [main                             ] [INFO ] [com.example.orcamento.config.DataInitializer                          ] Usuários já existem no banco. Nenhum usuário admin criado. 
[18/01/2026 16:08:27.733 -03] [tenantId=] [---- traceId -----              ] [http-nio-8045-exec-1             ] [INFO ] [org.apache.catalina.core.ContainerBase.[Tomcat].[localhost].[/]       ] Initializing Spring DispatcherServlet 'dispatcherServlet' 
[18/01/2026 16:08:27.734 -03] [tenantId=] [---- traceId -----              ] [http-nio-8045-exec-1             ] [INFO ] [org.springframework.web.servlet.DispatcherServlet                     ] Initializing Servlet 'dispatcherServlet' 
[18/01/2026 16:08:27.736 -03] [tenantId=] [---- traceId -----              ] [http-nio-8045-exec-1             ] [INFO ] [org.springframework.web.servlet.DispatcherServlet                     ] Completed initialization in 2 ms 
[18/01/2026 16:08:27.773 -03] [tenantId=] [---- traceId -----              ] [http-nio-8045-exec-1             ] [DEBUG] [com.example.orcamento.logging.TenantLoggingFilter                     ] Iniciando filtro de tenant para: GET /actuator/info 
[18/01/2026 16:08:27.773 -03] [tenantId=] [---- traceId -----              ] [http-nio-8045-exec-1             ] [DEBUG] [com.example.orcamento.logging.TenantLoggingFilter                     ] Tenant ID obtido: null 
[18/01/2026 16:08:27.775 -03] [tenantId=] [---- traceId -----              ] [http-nio-8045-exec-1             ] [INFO ] [com.example.orcamento.logging.TenantLoggingFilter                     ] [TENANT] Nova requisição recebida | tenantId=null | método=GET | endpoint=/actuator/info 
