[12/01/2026 09:13:32.845 -03] [tenantId=] [---- traceId -----              ] [HikariPool-1 housekeeper         ] [WARN ] [com.zaxxer.hikari.pool.HikariPool                                     ] HikariPool-1 - Thread starvation or clock leap detected (housekeeper delta=14h6m57s24ms16µs100ns). 
[12/01/2026 15:27:48.601 -03] [tenantId=] [---- traceId -----              ] [http-nio-8045-exec-8             ] [DEBUG] [com.example.orcamento.logging.TenantLoggingFilter                     ] Iniciando filtro de tenant para: GET /api/v1/despesas 
[12/01/2026 15:27:48.601 -03] [tenantId=] [---- traceId -----              ] [http-nio-8045-exec-8             ] [DEBUG] [com.example.orcamento.logging.TenantLoggingFilter                     ] Tenant ID obtido: null 
[12/01/2026 15:27:48.603 -03] [tenantId=] [---- traceId -----              ] [http-nio-8045-exec-8             ] [INFO ] [com.example.orcamento.logging.TenantLoggingFilter                     ] [TENANT] Nova requisição recebida | tenantId=null | método=GET | endpoint=/api/v1/despesas 
[12/01/2026 15:27:48.612 -03] [tenantId=] [---- traceId -----              ] [http-nio-8045-exec-7             ] [DEBUG] [com.example.orcamento.logging.TenantLoggingFilter                     ] Iniciando filtro de tenant para: POST /api/v1/auth/refresh 
[12/01/2026 15:27:48.614 -03] [tenantId=] [---- traceId -----              ] [http-nio-8045-exec-7             ] [DEBUG] [com.example.orcamento.logging.TenantLoggingFilter                     ] Tenant ID obtido: null 
[12/01/2026 15:27:48.614 -03] [tenantId=] [---- traceId -----              ] [http-nio-8045-exec-7             ] [INFO ] [com.example.orcamento.logging.TenantLoggingFilter                     ] [TENANT] Nova requisição recebida | tenantId=null | método=POST | endpoint=/api/v1/auth/refresh 
[12/01/2026 15:27:48.654 -03] [tenantId=] [---- traceId -----              ] [http-nio-8045-exec-9             ] [DEBUG] [com.example.orcamento.logging.TenantLoggingFilter                     ] Iniciando filtro de tenant para: GET /api/v1/despesas 
[12/01/2026 15:27:48.654 -03] [tenantId=] [---- traceId -----              ] [http-nio-8045-exec-9             ] [DEBUG] [com.example.orcamento.logging.TenantLoggingFilter                     ] Tenant ID obtido: null 
[12/01/2026 15:27:48.655 -03] [tenantId=] [---- traceId -----              ] [http-nio-8045-exec-9             ] [INFO ] [com.example.orcamento.logging.TenantLoggingFilter                     ] [TENANT] Nova requisição recebida | tenantId=null | método=GET | endpoint=/api/v1/despesas 
[12/01/2026 15:27:48.661 -03] [tenantId=] [---- traceId -----              ] [http-nio-8045-exec-9             ] [INFO ] [com.example.orcamento.controller.DespesaController                    ] Requisição GET em /api/v1/despesas, dataMin: null, dataMax: null 
[12/01/2026 15:27:48.741 -03] [tenantId=] [---- traceId -----              ] [http-nio-8045-exec-5             ] [DEBUG] [com.example.orcamento.logging.TenantLoggingFilter                     ] Iniciando filtro de tenant para: GET /api/v1/tipos-despesa 
[12/01/2026 15:27:48.743 -03] [tenantId=] [---- traceId -----              ] [http-nio-8045-exec-5             ] [DEBUG] [com.example.orcamento.logging.TenantLoggingFilter                     ] Tenant ID obtido: null 
[12/01/2026 15:27:48.743 -03] [tenantId=] [---- traceId -----              ] [http-nio-8045-exec-5             ] [INFO ] [com.example.orcamento.logging.TenantLoggingFilter                     ] [TENANT] Nova requisição recebida | tenantId=null | método=GET | endpoint=/api/v1/tipos-despesa 
[12/01/2026 15:27:48.749 -03] [tenantId=] [---- traceId -----              ] [http-nio-8045-exec-6             ] [DEBUG] [com.example.orcamento.logging.TenantLoggingFilter                     ] Iniciando filtro de tenant para: POST /api/v1/auth/refresh 
[12/01/2026 15:27:48.749 -03] [tenantId=] [---- traceId -----              ] [http-nio-8045-exec-6             ] [DEBUG] [com.example.orcamento.logging.TenantLoggingFilter                     ] Tenant ID obtido: null 
[12/01/2026 15:27:48.750 -03] [tenantId=] [---- traceId -----              ] [http-nio-8045-exec-6             ] [INFO ] [com.example.orcamento.logging.TenantLoggingFilter                     ] [TENANT] Nova requisição recebida | tenantId=null | método=POST | endpoint=/api/v1/auth/refresh 
[12/01/2026 15:27:48.762 -03] [tenantId=] [---- traceId -----              ] [http-nio-8045-exec-3             ] [DEBUG] [com.example.orcamento.logging.TenantLoggingFilter                     ] Iniciando filtro de tenant para: GET /api/v1/tipos-despesa 
[12/01/2026 15:27:48.763 -03] [tenantId=] [---- traceId -----              ] [http-nio-8045-exec-3             ] [DEBUG] [com.example.orcamento.logging.TenantLoggingFilter                     ] Tenant ID obtido: null 
[12/01/2026 15:27:48.763 -03] [tenantId=] [---- traceId -----              ] [http-nio-8045-exec-3             ] [INFO ] [com.example.orcamento.logging.TenantLoggingFilter                     ] [TENANT] Nova requisição recebida | tenantId=null | método=GET | endpoint=/api/v1/tipos-despesa 
[12/01/2026 15:27:48.769 -03] [tenantId=] [---- traceId -----              ] [http-nio-8045-exec-3             ] [INFO ] [com.example.orcamento.controller.CategoriaDespesaController           ] GET /api/v1/categorias 
[12/01/2026 15:27:48.900 -03] [tenantId=] [---- traceId -----              ] [http-nio-8045-exec-1             ] [DEBUG] [com.example.orcamento.logging.TenantLoggingFilter                     ] Iniciando filtro de tenant para: GET /api/v1/contas-corrente 
[12/01/2026 15:27:48.900 -03] [tenantId=] [---- traceId -----              ] [http-nio-8045-exec-1             ] [DEBUG] [com.example.orcamento.logging.TenantLoggingFilter                     ] Tenant ID obtido: null 
[12/01/2026 15:27:48.900 -03] [tenantId=] [---- traceId -----              ] [http-nio-8045-exec-1             ] [INFO ] [com.example.orcamento.logging.TenantLoggingFilter                     ] [TENANT] Nova requisição recebida | tenantId=null | método=GET | endpoint=/api/v1/contas-corrente 
[12/01/2026 15:27:48.905 -03] [tenantId=] [---- traceId -----              ] [http-nio-8045-exec-8             ] [DEBUG] [com.example.orcamento.logging.TenantLoggingFilter                     ] Iniciando filtro de tenant para: POST /api/v1/auth/refresh 
[12/01/2026 15:27:48.905 -03] [tenantId=] [---- traceId -----              ] [http-nio-8045-exec-8             ] [DEBUG] [com.example.orcamento.logging.TenantLoggingFilter                     ] Tenant ID obtido: null 
[12/01/2026 15:27:48.905 -03] [tenantId=] [---- traceId -----              ] [http-nio-8045-exec-8             ] [INFO ] [com.example.orcamento.logging.TenantLoggingFilter                     ] [TENANT] Nova requisição recebida | tenantId=null | método=POST | endpoint=/api/v1/auth/refresh 
[12/01/2026 15:27:48.916 -03] [tenantId=] [---- traceId -----              ] [http-nio-8045-exec-4             ] [DEBUG] [com.example.orcamento.logging.TenantLoggingFilter                     ] Iniciando filtro de tenant para: GET /api/v1/contas-corrente 
[12/01/2026 15:27:48.916 -03] [tenantId=] [---- traceId -----              ] [http-nio-8045-exec-4             ] [DEBUG] [com.example.orcamento.logging.TenantLoggingFilter                     ] Tenant ID obtido: null 
[12/01/2026 15:27:48.918 -03] [tenantId=] [---- traceId -----              ] [http-nio-8045-exec-4             ] [INFO ] [com.example.orcamento.logging.TenantLoggingFilter                     ] [TENANT] Nova requisição recebida | tenantId=null | método=GET | endpoint=/api/v1/contas-corrente 
[12/01/2026 15:27:49.054 -03] [tenantId=] [---- traceId -----              ] [http-nio-8045-exec-9             ] [DEBUG] [com.example.orcamento.logging.TenantLoggingFilter                     ] Iniciando filtro de tenant para: GET /api/v1/metas-economia 
[12/01/2026 15:27:49.054 -03] [tenantId=] [---- traceId -----              ] [http-nio-8045-exec-9             ] [DEBUG] [com.example.orcamento.logging.TenantLoggingFilter                     ] Tenant ID obtido: null 
[12/01/2026 15:27:49.054 -03] [tenantId=] [---- traceId -----              ] [http-nio-8045-exec-9             ] [INFO ] [com.example.orcamento.logging.TenantLoggingFilter                     ] [TENANT] Nova requisição recebida | tenantId=null | método=GET | endpoint=/api/v1/metas-economia 
[12/01/2026 15:27:49.058 -03] [tenantId=] [---- traceId -----              ] [http-nio-8045-exec-2             ] [DEBUG] [com.example.orcamento.logging.TenantLoggingFilter                     ] Iniciando filtro de tenant para: POST /api/v1/auth/refresh 
[12/01/2026 15:27:49.058 -03] [tenantId=] [---- traceId -----              ] [http-nio-8045-exec-2             ] [DEBUG] [com.example.orcamento.logging.TenantLoggingFilter                     ] Tenant ID obtido: null 
[12/01/2026 15:27:49.058 -03] [tenantId=] [---- traceId -----              ] [http-nio-8045-exec-2             ] [INFO ] [com.example.orcamento.logging.TenantLoggingFilter                     ] [TENANT] Nova requisição recebida | tenantId=null | método=POST | endpoint=/api/v1/auth/refresh 
[12/01/2026 15:27:49.070 -03] [tenantId=] [---- traceId -----              ] [http-nio-8045-exec-5             ] [DEBUG] [com.example.orcamento.logging.TenantLoggingFilter                     ] Iniciando filtro de tenant para: GET /api/v1/metas-economia 
[12/01/2026 15:27:49.070 -03] [tenantId=] [---- traceId -----              ] [http-nio-8045-exec-5             ] [DEBUG] [com.example.orcamento.logging.TenantLoggingFilter                     ] Tenant ID obtido: null 
[12/01/2026 15:27:49.070 -03] [tenantId=] [---- traceId -----              ] [http-nio-8045-exec-5             ] [INFO ] [com.example.orcamento.logging.TenantLoggingFilter                     ] [TENANT] Nova requisição recebida | tenantId=null | método=GET | endpoint=/api/v1/metas-economia 
[12/01/2026 15:27:49.247 -03] [tenantId=] [---- traceId -----              ] [http-nio-8045-exec-3             ] [DEBUG] [com.example.orcamento.logging.TenantLoggingFilter                     ] Iniciando filtro de tenant para: GET /api/v1/configuracoes 
[12/01/2026 15:27:49.248 -03] [tenantId=] [---- traceId -----              ] [http-nio-8045-exec-3             ] [DEBUG] [com.example.orcamento.logging.TenantLoggingFilter                     ] Tenant ID obtido: null 
[12/01/2026 15:27:49.248 -03] [tenantId=] [---- traceId -----              ] [http-nio-8045-exec-3             ] [INFO ] [com.example.orcamento.logging.TenantLoggingFilter                     ] [TENANT] Nova requisição recebida | tenantId=null | método=GET | endpoint=/api/v1/configuracoes 
[12/01/2026 15:27:49.251 -03] [tenantId=] [---- traceId -----              ] [http-nio-8045-exec-10            ] [DEBUG] [com.example.orcamento.logging.TenantLoggingFilter                     ] Iniciando filtro de tenant para: POST /api/v1/auth/refresh 
[12/01/2026 15:27:49.251 -03] [tenantId=] [---- traceId -----              ] [http-nio-8045-exec-10            ] [DEBUG] [com.example.orcamento.logging.TenantLoggingFilter                     ] Tenant ID obtido: null 
[12/01/2026 15:27:49.253 -03] [tenantId=] [---- traceId -----              ] [http-nio-8045-exec-10            ] [INFO ] [com.example.orcamento.logging.TenantLoggingFilter                     ] [TENANT] Nova requisição recebida | tenantId=null | método=POST | endpoint=/api/v1/auth/refresh 
[12/01/2026 15:27:49.265 -03] [tenantId=] [---- traceId -----              ] [http-nio-8045-exec-1             ] [DEBUG] [com.example.orcamento.logging.TenantLoggingFilter                     ] Iniciando filtro de tenant para: GET /api/v1/configuracoes 
[12/01/2026 15:27:49.265 -03] [tenantId=] [---- traceId -----              ] [http-nio-8045-exec-1             ] [DEBUG] [com.example.orcamento.logging.TenantLoggingFilter                     ] Tenant ID obtido: null 
[12/01/2026 15:27:49.265 -03] [tenantId=] [---- traceId -----              ] [http-nio-8045-exec-1             ] [INFO ] [com.example.orcamento.logging.TenantLoggingFilter                     ] [TENANT] Nova requisição recebida | tenantId=null | método=GET | endpoint=/api/v1/configuracoes 
[12/01/2026 15:27:49.273 -03] [tenantId=] [---- traceId -----              ] [http-nio-8045-exec-1             ] [INFO ] [com.example.orcamento.controller.ConfiguracaoController               ] Buscando configurações 
[12/01/2026 20:03:22.152 -03] [tenantId=] [---- traceId -----              ] [HikariPool-1 housekeeper         ] [WARN ] [com.zaxxer.hikari.pool.HikariPool                                     ] HikariPool-1 - Thread starvation or clock leap detected (housekeeper delta=3h1m39s779ms72µs800ns). 
