[14/01/2026 09:06:25.688 -03] [tenantId=] [---- traceId -----              ] [HikariPool-1 housekeeper         ] [WARN ] [com.zaxxer.hikari.pool.HikariPool                                     ] HikariPool-1 - Thread starvation or clock leap detected (housekeeper delta=12h31m38s554ms919µs400ns). 
[14/01/2026 09:29:08.250 -03] [tenantId=] [---- traceId -----              ] [http-nio-8045-exec-2             ] [DEBUG] [com.example.orcamento.logging.TenantLoggingFilter                     ] Iniciando filtro de tenant para: GET /api/v1/receitas/por-mes/2026 
[14/01/2026 09:29:08.251 -03] [tenantId=] [---- traceId -----              ] [http-nio-8045-exec-2             ] [DEBUG] [com.example.orcamento.logging.TenantLoggingFilter                     ] Tenant ID obtido: null 
[14/01/2026 09:29:08.251 -03] [tenantId=] [---- traceId -----              ] [http-nio-8045-exec-2             ] [INFO ] [com.example.orcamento.logging.TenantLoggingFilter                     ] [TENANT] Nova requisição recebida | tenantId=null | método=GET | endpoint=/api/v1/receitas/por-mes/2026 
[14/01/2026 09:29:08.261 -03] [tenantId=] [---- traceId -----              ] [http-nio-8045-exec-6             ] [DEBUG] [com.example.orcamento.logging.TenantLoggingFilter                     ] Iniciando filtro de tenant para: POST /api/v1/auth/refresh 
[14/01/2026 09:29:08.261 -03] [tenantId=] [---- traceId -----              ] [http-nio-8045-exec-6             ] [DEBUG] [com.example.orcamento.logging.TenantLoggingFilter                     ] Tenant ID obtido: null 
[14/01/2026 09:29:08.261 -03] [tenantId=] [---- traceId -----              ] [http-nio-8045-exec-6             ] [INFO ] [com.example.orcamento.logging.TenantLoggingFilter                     ] [TENANT] Nova requisição recebida | tenantId=null | método=POST | endpoint=/api/v1/auth/refresh 
[14/01/2026 09:29:08.323 -03] [tenantId=] [---- traceId -----              ] [http-nio-8045-exec-5             ] [DEBUG] [com.example.orcamento.logging.TenantLoggingFilter                     ] Iniciando filtro de tenant para: GET /api/v1/receitas/por-mes/2026 
[14/01/2026 09:29:08.324 -03] [tenantId=] [---- traceId -----              ] [http-nio-8045-exec-5             ] [DEBUG] [com.example.orcamento.logging.TenantLoggingFilter                     ] Tenant ID obtido: null 
[14/01/2026 09:29:08.324 -03] [tenantId=] [---- traceId -----              ] [http-nio-8045-exec-5             ] [INFO ] [com.example.orcamento.logging.TenantLoggingFilter                     ] [TENANT] Nova requisição recebida | tenantId=null | método=GET | endpoint=/api/v1/receitas/por-mes/2026 
[14/01/2026 09:29:08.330 -03] [tenantId=] [---- traceId -----              ] [http-nio-8045-exec-5             ] [INFO ] [com.example.orcamento.controller.ReceitaController                    ] Requisição GET em: /api/v1/receitas/por-mes/{ano} 
[14/01/2026 09:29:08.335 -03] [tenantId=] [---- traceId -----              ] [http-nio-8045-exec-5             ] [INFO ] [com.example.orcamento.controller.ReceitaController                    ] Retorno: {JANUARY={previstas=0, efetivadas=7804.77}} 
[14/01/2026 09:29:08.344 -03] [tenantId=] [---- traceId -----              ] [http-nio-8045-exec-3             ] [DEBUG] [com.example.orcamento.logging.TenantLoggingFilter                     ] Iniciando filtro de tenant para: GET /api/v1/salarios-previstos/por-ano/2026 
[14/01/2026 09:29:08.344 -03] [tenantId=] [---- traceId -----              ] [http-nio-8045-exec-3             ] [DEBUG] [com.example.orcamento.logging.TenantLoggingFilter                     ] Tenant ID obtido: null 
[14/01/2026 09:29:08.344 -03] [tenantId=] [---- traceId -----              ] [http-nio-8045-exec-3             ] [INFO ] [com.example.orcamento.logging.TenantLoggingFilter                     ] [TENANT] Nova requisição recebida | tenantId=null | método=GET | endpoint=/api/v1/salarios-previstos/por-ano/2026 
[14/01/2026 09:29:08.366 -03] [tenantId=] [---- traceId -----              ] [http-nio-8045-exec-8             ] [DEBUG] [com.example.orcamento.logging.TenantLoggingFilter                     ] Iniciando filtro de tenant para: GET /api/v1/despesas/por-mes/2026 
[14/01/2026 09:29:08.366 -03] [tenantId=] [---- traceId -----              ] [http-nio-8045-exec-8             ] [DEBUG] [com.example.orcamento.logging.TenantLoggingFilter                     ] Tenant ID obtido: null 
[14/01/2026 09:29:08.366 -03] [tenantId=] [---- traceId -----              ] [http-nio-8045-exec-8             ] [INFO ] [com.example.orcamento.logging.TenantLoggingFilter                     ] [TENANT] Nova requisição recebida | tenantId=null | método=GET | endpoint=/api/v1/despesas/por-mes/2026 
[14/01/2026 09:29:08.373 -03] [tenantId=] [---- traceId -----              ] [http-nio-8045-exec-8             ] [INFO ] [com.example.orcamento.controller.DespesaController                    ] Requisição GET em /api/v1/despesas/por-mes/{ano}, listarPorMes 
[14/01/2026 09:29:08.390 -03] [tenantId=] [---- traceId -----              ] [http-nio-8045-exec-7             ] [DEBUG] [com.example.orcamento.logging.TenantLoggingFilter                     ] Iniciando filtro de tenant para: GET /api/v1/cartoes-credito 
[14/01/2026 09:29:08.392 -03] [tenantId=] [---- traceId -----              ] [http-nio-8045-exec-7             ] [DEBUG] [com.example.orcamento.logging.TenantLoggingFilter                     ] Tenant ID obtido: null 
[14/01/2026 09:29:08.392 -03] [tenantId=] [---- traceId -----              ] [http-nio-8045-exec-7             ] [INFO ] [com.example.orcamento.logging.TenantLoggingFilter                     ] [TENANT] Nova requisição recebida | tenantId=null | método=GET | endpoint=/api/v1/cartoes-credito 
[14/01/2026 09:29:08.400 -03] [tenantId=] [---- traceId -----              ] [http-nio-8045-exec-7             ] [INFO ] [com.example.orcamento.controller.CartaoCreditoController              ] Requisição GET em /api/v1/cartoes-credito, listarCartoes 
[14/01/2026 09:29:08.408 -03] [tenantId=] [---- traceId -----              ] [http-nio-8045-exec-9             ] [DEBUG] [com.example.orcamento.logging.TenantLoggingFilter                     ] Iniciando filtro de tenant para: GET /api/v1/lancamentos-cartao/faturas-ano 
[14/01/2026 09:29:08.408 -03] [tenantId=] [---- traceId -----              ] [http-nio-8045-exec-9             ] [DEBUG] [com.example.orcamento.logging.TenantLoggingFilter                     ] Tenant ID obtido: null 
[14/01/2026 09:29:08.408 -03] [tenantId=] [---- traceId -----              ] [http-nio-8045-exec-9             ] [INFO ] [com.example.orcamento.logging.TenantLoggingFilter                     ] [TENANT] Nova requisição recebida | tenantId=null | método=GET | endpoint=/api/v1/lancamentos-cartao/faturas-ano 
[14/01/2026 09:29:08.414 -03] [tenantId=] [---- traceId -----              ] [http-nio-8045-exec-9             ] [INFO ] [com.example.orcamento.controller.LancamentoCartaoController           ] Requisição GET em /api/v1/lancamentos-cartao/faturas-ano, ano: 2026 
[14/01/2026 09:29:08.694 -03] [tenantId=] [---- traceId -----              ] [http-nio-8045-exec-5             ] [DEBUG] [com.example.orcamento.logging.TenantLoggingFilter                     ] Iniciando filtro de tenant para: GET /api/v1/contas-corrente 
[14/01/2026 09:29:08.694 -03] [tenantId=] [---- traceId -----              ] [http-nio-8045-exec-5             ] [DEBUG] [com.example.orcamento.logging.TenantLoggingFilter                     ] Tenant ID obtido: null 
[14/01/2026 09:29:08.694 -03] [tenantId=] [---- traceId -----              ] [http-nio-8045-exec-5             ] [INFO ] [com.example.orcamento.logging.TenantLoggingFilter                     ] [TENANT] Nova requisição recebida | tenantId=null | método=GET | endpoint=/api/v1/contas-corrente 
[14/01/2026 09:29:08.770 -03] [tenantId=] [---- traceId -----              ] [http-nio-8045-exec-3             ] [DEBUG] [com.example.orcamento.logging.TenantLoggingFilter                     ] Iniciando filtro de tenant para: GET /api/v1/despesas/filtrar-dinamico 
[14/01/2026 09:29:08.771 -03] [tenantId=] [---- traceId -----              ] [http-nio-8045-exec-3             ] [DEBUG] [com.example.orcamento.logging.TenantLoggingFilter                     ] Tenant ID obtido: null 
[14/01/2026 09:29:08.772 -03] [tenantId=] [---- traceId -----              ] [http-nio-8045-exec-3             ] [INFO ] [com.example.orcamento.logging.TenantLoggingFilter                     ] [TENANT] Nova requisição recebida | tenantId=null | método=GET | endpoint=/api/v1/despesas/filtrar-dinamico 
[14/01/2026 09:29:08.779 -03] [tenantId=] [---- traceId -----              ] [http-nio-8045-exec-3             ] [INFO ] [com.example.orcamento.service.DespesaService                          ] Buscando despesas com filtros dinâmicos: {dataFim=2026-12-31, dataInicio=2026-01-01} 
[14/01/2026 13:58:07.788 -03] [tenantId=] [---- traceId -----              ] [http-nio-8045-exec-4             ] [DEBUG] [com.example.orcamento.logging.TenantLoggingFilter                     ] Iniciando filtro de tenant para: GET /api/v1/despesas 
[14/01/2026 13:58:07.791 -03] [tenantId=] [---- traceId -----              ] [http-nio-8045-exec-4             ] [DEBUG] [com.example.orcamento.logging.TenantLoggingFilter                     ] Tenant ID obtido: null 
[14/01/2026 13:58:07.791 -03] [tenantId=] [---- traceId -----              ] [http-nio-8045-exec-4             ] [INFO ] [com.example.orcamento.logging.TenantLoggingFilter                     ] [TENANT] Nova requisição recebida | tenantId=null | método=GET | endpoint=/api/v1/despesas 
[14/01/2026 13:58:07.809 -03] [tenantId=] [---- traceId -----              ] [http-nio-8045-exec-2             ] [DEBUG] [com.example.orcamento.logging.TenantLoggingFilter                     ] Iniciando filtro de tenant para: POST /api/v1/auth/refresh 
[14/01/2026 13:58:07.809 -03] [tenantId=] [---- traceId -----              ] [http-nio-8045-exec-2             ] [DEBUG] [com.example.orcamento.logging.TenantLoggingFilter                     ] Tenant ID obtido: null 
[14/01/2026 13:58:07.809 -03] [tenantId=] [---- traceId -----              ] [http-nio-8045-exec-2             ] [INFO ] [com.example.orcamento.logging.TenantLoggingFilter                     ] [TENANT] Nova requisição recebida | tenantId=null | método=POST | endpoint=/api/v1/auth/refresh 
[14/01/2026 13:58:07.867 -03] [tenantId=] [---- traceId -----              ] [http-nio-8045-exec-9             ] [DEBUG] [com.example.orcamento.logging.TenantLoggingFilter                     ] Iniciando filtro de tenant para: GET /api/v1/despesas 
[14/01/2026 13:58:07.869 -03] [tenantId=] [---- traceId -----              ] [http-nio-8045-exec-9             ] [DEBUG] [com.example.orcamento.logging.TenantLoggingFilter                     ] Tenant ID obtido: null 
[14/01/2026 13:58:07.869 -03] [tenantId=] [---- traceId -----              ] [http-nio-8045-exec-9             ] [INFO ] [com.example.orcamento.logging.TenantLoggingFilter                     ] [TENANT] Nova requisição recebida | tenantId=null | método=GET | endpoint=/api/v1/despesas 
[14/01/2026 13:58:07.882 -03] [tenantId=] [---- traceId -----              ] [http-nio-8045-exec-9             ] [INFO ] [com.example.orcamento.controller.DespesaController                    ] Requisição GET em /api/v1/despesas, dataMin: null, dataMax: null 
[14/01/2026 13:58:07.933 -03] [tenantId=] [---- traceId -----              ] [http-nio-8045-exec-5             ] [DEBUG] [com.example.orcamento.logging.TenantLoggingFilter                     ] Iniciando filtro de tenant para: GET /api/v1/tipos-despesa 
[14/01/2026 13:58:07.934 -03] [tenantId=] [---- traceId -----              ] [http-nio-8045-exec-5             ] [DEBUG] [com.example.orcamento.logging.TenantLoggingFilter                     ] Tenant ID obtido: null 
[14/01/2026 13:58:07.934 -03] [tenantId=] [---- traceId -----              ] [http-nio-8045-exec-5             ] [INFO ] [com.example.orcamento.logging.TenantLoggingFilter                     ] [TENANT] Nova requisição recebida | tenantId=null | método=GET | endpoint=/api/v1/tipos-despesa 
[14/01/2026 13:58:07.938 -03] [tenantId=] [---- traceId -----              ] [http-nio-8045-exec-1             ] [DEBUG] [com.example.orcamento.logging.TenantLoggingFilter                     ] Iniciando filtro de tenant para: POST /api/v1/auth/refresh 
[14/01/2026 13:58:07.939 -03] [tenantId=] [---- traceId -----              ] [http-nio-8045-exec-1             ] [DEBUG] [com.example.orcamento.logging.TenantLoggingFilter                     ] Tenant ID obtido: null 
[14/01/2026 13:58:07.939 -03] [tenantId=] [---- traceId -----              ] [http-nio-8045-exec-1             ] [INFO ] [com.example.orcamento.logging.TenantLoggingFilter                     ] [TENANT] Nova requisição recebida | tenantId=null | método=POST | endpoint=/api/v1/auth/refresh 
[14/01/2026 13:58:07.953 -03] [tenantId=] [---- traceId -----              ] [http-nio-8045-exec-3             ] [DEBUG] [com.example.orcamento.logging.TenantLoggingFilter                     ] Iniciando filtro de tenant para: GET /api/v1/tipos-despesa 
[14/01/2026 13:58:07.954 -03] [tenantId=] [---- traceId -----              ] [http-nio-8045-exec-3             ] [DEBUG] [com.example.orcamento.logging.TenantLoggingFilter                     ] Tenant ID obtido: null 
[14/01/2026 13:58:07.954 -03] [tenantId=] [---- traceId -----              ] [http-nio-8045-exec-3             ] [INFO ] [com.example.orcamento.logging.TenantLoggingFilter                     ] [TENANT] Nova requisição recebida | tenantId=null | método=GET | endpoint=/api/v1/tipos-despesa 
[14/01/2026 13:58:07.963 -03] [tenantId=] [---- traceId -----              ] [http-nio-8045-exec-3             ] [INFO ] [com.example.orcamento.controller.CategoriaDespesaController           ] GET /api/v1/categorias 
[14/01/2026 13:58:08.089 -03] [tenantId=] [---- traceId -----              ] [http-nio-8045-exec-8             ] [DEBUG] [com.example.orcamento.logging.TenantLoggingFilter                     ] Iniciando filtro de tenant para: GET /api/v1/contas-corrente 
[14/01/2026 13:58:08.089 -03] [tenantId=] [---- traceId -----              ] [http-nio-8045-exec-8             ] [DEBUG] [com.example.orcamento.logging.TenantLoggingFilter                     ] Tenant ID obtido: null 
[14/01/2026 13:58:08.089 -03] [tenantId=] [---- traceId -----              ] [http-nio-8045-exec-8             ] [INFO ] [com.example.orcamento.logging.TenantLoggingFilter                     ] [TENANT] Nova requisição recebida | tenantId=null | método=GET | endpoint=/api/v1/contas-corrente 
[14/01/2026 13:58:08.096 -03] [tenantId=] [---- traceId -----              ] [http-nio-8045-exec-4             ] [DEBUG] [com.example.orcamento.logging.TenantLoggingFilter                     ] Iniciando filtro de tenant para: POST /api/v1/auth/refresh 
[14/01/2026 13:58:08.096 -03] [tenantId=] [---- traceId -----              ] [http-nio-8045-exec-4             ] [DEBUG] [com.example.orcamento.logging.TenantLoggingFilter                     ] Tenant ID obtido: null 
[14/01/2026 13:58:08.097 -03] [tenantId=] [---- traceId -----              ] [http-nio-8045-exec-4             ] [INFO ] [com.example.orcamento.logging.TenantLoggingFilter                     ] [TENANT] Nova requisição recebida | tenantId=null | método=POST | endpoint=/api/v1/auth/refresh 
[14/01/2026 13:58:08.109 -03] [tenantId=] [---- traceId -----              ] [http-nio-8045-exec-7             ] [DEBUG] [com.example.orcamento.logging.TenantLoggingFilter                     ] Iniciando filtro de tenant para: GET /api/v1/contas-corrente 
[14/01/2026 13:58:08.109 -03] [tenantId=] [---- traceId -----              ] [http-nio-8045-exec-7             ] [DEBUG] [com.example.orcamento.logging.TenantLoggingFilter                     ] Tenant ID obtido: null 
[14/01/2026 13:58:08.109 -03] [tenantId=] [---- traceId -----              ] [http-nio-8045-exec-7             ] [INFO ] [com.example.orcamento.logging.TenantLoggingFilter                     ] [TENANT] Nova requisição recebida | tenantId=null | método=GET | endpoint=/api/v1/contas-corrente 
[14/01/2026 13:58:08.243 -03] [tenantId=] [---- traceId -----              ] [http-nio-8045-exec-9             ] [DEBUG] [com.example.orcamento.logging.TenantLoggingFilter                     ] Iniciando filtro de tenant para: GET /api/v1/metas-economia 
[14/01/2026 13:58:08.244 -03] [tenantId=] [---- traceId -----              ] [http-nio-8045-exec-9             ] [DEBUG] [com.example.orcamento.logging.TenantLoggingFilter                     ] Tenant ID obtido: null 
[14/01/2026 13:58:08.244 -03] [tenantId=] [---- traceId -----              ] [http-nio-8045-exec-9             ] [INFO ] [com.example.orcamento.logging.TenantLoggingFilter                     ] [TENANT] Nova requisição recebida | tenantId=null | método=GET | endpoint=/api/v1/metas-economia 
[14/01/2026 13:58:08.248 -03] [tenantId=] [---- traceId -----              ] [http-nio-8045-exec-6             ] [DEBUG] [com.example.orcamento.logging.TenantLoggingFilter                     ] Iniciando filtro de tenant para: POST /api/v1/auth/refresh 
[14/01/2026 13:58:08.249 -03] [tenantId=] [---- traceId -----              ] [http-nio-8045-exec-6             ] [DEBUG] [com.example.orcamento.logging.TenantLoggingFilter                     ] Tenant ID obtido: null 
[14/01/2026 13:58:08.249 -03] [tenantId=] [---- traceId -----              ] [http-nio-8045-exec-6             ] [INFO ] [com.example.orcamento.logging.TenantLoggingFilter                     ] [TENANT] Nova requisição recebida | tenantId=null | método=POST | endpoint=/api/v1/auth/refresh 
[14/01/2026 13:58:08.260 -03] [tenantId=] [---- traceId -----              ] [http-nio-8045-exec-5             ] [DEBUG] [com.example.orcamento.logging.TenantLoggingFilter                     ] Iniciando filtro de tenant para: GET /api/v1/metas-economia 
[14/01/2026 13:58:08.260 -03] [tenantId=] [---- traceId -----              ] [http-nio-8045-exec-5             ] [DEBUG] [com.example.orcamento.logging.TenantLoggingFilter                     ] Tenant ID obtido: null 
[14/01/2026 13:58:08.260 -03] [tenantId=] [---- traceId -----              ] [http-nio-8045-exec-5             ] [INFO ] [com.example.orcamento.logging.TenantLoggingFilter                     ] [TENANT] Nova requisição recebida | tenantId=null | método=GET | endpoint=/api/v1/metas-economia 
[14/01/2026 13:58:08.409 -03] [tenantId=] [---- traceId -----              ] [http-nio-8045-exec-3             ] [DEBUG] [com.example.orcamento.logging.TenantLoggingFilter                     ] Iniciando filtro de tenant para: GET /api/v1/configuracoes 
[14/01/2026 13:58:08.409 -03] [tenantId=] [---- traceId -----              ] [http-nio-8045-exec-3             ] [DEBUG] [com.example.orcamento.logging.TenantLoggingFilter                     ] Tenant ID obtido: null 
[14/01/2026 13:58:08.409 -03] [tenantId=] [---- traceId -----              ] [http-nio-8045-exec-3             ] [INFO ] [com.example.orcamento.logging.TenantLoggingFilter                     ] [TENANT] Nova requisição recebida | tenantId=null | método=GET | endpoint=/api/v1/configuracoes 
[14/01/2026 13:58:08.415 -03] [tenantId=] [---- traceId -----              ] [http-nio-8045-exec-10            ] [DEBUG] [com.example.orcamento.logging.TenantLoggingFilter                     ] Iniciando filtro de tenant para: POST /api/v1/auth/refresh 
[14/01/2026 13:58:08.415 -03] [tenantId=] [---- traceId -----              ] [http-nio-8045-exec-10            ] [DEBUG] [com.example.orcamento.logging.TenantLoggingFilter                     ] Tenant ID obtido: null 
[14/01/2026 13:58:08.415 -03] [tenantId=] [---- traceId -----              ] [http-nio-8045-exec-10            ] [INFO ] [com.example.orcamento.logging.TenantLoggingFilter                     ] [TENANT] Nova requisição recebida | tenantId=null | método=POST | endpoint=/api/v1/auth/refresh 
[14/01/2026 13:58:08.443 -03] [tenantId=] [---- traceId -----              ] [http-nio-8045-exec-8             ] [DEBUG] [com.example.orcamento.logging.TenantLoggingFilter                     ] Iniciando filtro de tenant para: GET /api/v1/configuracoes 
[14/01/2026 13:58:08.443 -03] [tenantId=] [---- traceId -----              ] [http-nio-8045-exec-8             ] [DEBUG] [com.example.orcamento.logging.TenantLoggingFilter                     ] Tenant ID obtido: null 
[14/01/2026 13:58:08.444 -03] [tenantId=] [---- traceId -----              ] [http-nio-8045-exec-8             ] [INFO ] [com.example.orcamento.logging.TenantLoggingFilter                     ] [TENANT] Nova requisição recebida | tenantId=null | método=GET | endpoint=/api/v1/configuracoes 
[14/01/2026 13:58:08.454 -03] [tenantId=] [---- traceId -----              ] [http-nio-8045-exec-8             ] [INFO ] [com.example.orcamento.controller.ConfiguracaoController               ] Buscando configurações 
[14/01/2026 13:58:21.434 -03] [tenantId=] [---- traceId -----              ] [http-nio-8045-exec-7             ] [DEBUG] [com.example.orcamento.logging.TenantLoggingFilter                     ] Iniciando filtro de tenant para: GET /api/v1/cartoes-credito 
[14/01/2026 13:58:21.434 -03] [tenantId=] [---- traceId -----              ] [http-nio-8045-exec-7             ] [DEBUG] [com.example.orcamento.logging.TenantLoggingFilter                     ] Tenant ID obtido: null 
[14/01/2026 13:58:21.434 -03] [tenantId=] [---- traceId -----              ] [http-nio-8045-exec-7             ] [INFO ] [com.example.orcamento.logging.TenantLoggingFilter                     ] [TENANT] Nova requisição recebida | tenantId=null | método=GET | endpoint=/api/v1/cartoes-credito 
[14/01/2026 13:58:21.444 -03] [tenantId=] [---- traceId -----              ] [http-nio-8045-exec-7             ] [INFO ] [com.example.orcamento.controller.CartaoCreditoController              ] Requisição GET em /api/v1/cartoes-credito, listarCartoes 
[14/01/2026 13:58:29.311 -03] [tenantId=] [---- traceId -----              ] [http-nio-8045-exec-9             ] [DEBUG] [com.example.orcamento.logging.TenantLoggingFilter                     ] Iniciando filtro de tenant para: PUT /api/v1/despesas/390/pagar 
[14/01/2026 13:58:29.311 -03] [tenantId=] [---- traceId -----              ] [http-nio-8045-exec-9             ] [DEBUG] [com.example.orcamento.logging.TenantLoggingFilter                     ] Tenant ID obtido: null 
[14/01/2026 13:58:29.312 -03] [tenantId=] [---- traceId -----              ] [http-nio-8045-exec-9             ] [INFO ] [com.example.orcamento.logging.TenantLoggingFilter                     ] [TENANT] Nova requisição recebida | tenantId=null | método=PUT | endpoint=/api/v1/despesas/390/pagar 
[14/01/2026 13:58:29.322 -03] [tenantId=] [---- traceId -----              ] [http-nio-8045-exec-9             ] [INFO ] [com.example.orcamento.controller.DespesaController                    ] Requisição PUT em /api/v1/despesas/{id}/pagar, pagarDespesa 
[14/01/2026 13:58:29.322 -03] [tenantId=] [---- traceId -----              ] [http-nio-8045-exec-9             ] [INFO ] [com.example.orcamento.controller.DespesaController                    ] ID informado para pagamento: 390 
[14/01/2026 13:58:29.322 -03] [tenantId=] [---- traceId -----              ] [http-nio-8045-exec-9             ] [INFO ] [com.example.orcamento.controller.DespesaController                    ] Pagamento Request: com.example.orcamento.controller.DespesaController$PagamentoRequest@18f01e98 
[14/01/2026 13:58:29.326 -03] [tenantId=] [---- traceId -----              ] [http-nio-8045-exec-9             ] [INFO ] [com.example.orcamento.service.MovimentacaoService                     ] Registrando movimentação: Movimentacao(id=null, tenantId=null, tipo=SAIDA, valor=234.37, dataCadastro=2026-01-14T13:58:29.326358, dataRecebimento=2026-01-12, descricao=Pagamento de Consórcio Banco Inter, contaCorrente=ContaCorrente(id=1, agencia=7028, numeroConta=005620-3, banco=341, nomeBanco=Banco Itaú, saldo=-15481.34, usuarioId=null, tenantId=06660607625, contaAtiva=true), despesa=Despesa(id=390, nome=Consórcio Banco Inter, tenantId=06660607625, valorPrevisto=234.37, valorPago=234.37, dataVencimento=2026-01-12, dataPagamento=2026-01-12, parcela=34, detalhes=Parcela 34/84 - Consórcio Banco Inter, contaCorrente=ContaCorrente(id=1, agencia=7028, numeroConta=005620-3, banco=341, nomeBanco=Banco Itaú, saldo=-15481.34, usuarioId=null, tenantId=06660607625, contaAtiva=true), metaEconomia=null, despesaParceladaId=null, subcategoria=SubcategoriaDespesa(id=103, nome=Consórcio, tenantId=null, tiposDespesa=[TipoDespesa(id=42, nome=Consórcio, tenantId=06660607625)]), classificacao=NECESSARIO, variabilidade=FIXO, formaDePagamento=DEBITO_EM_CONTA, anexo=null), receita=null) 
[14/01/2026 13:58:29.330 -03] [tenantId=] [---- traceId -----              ] [http-nio-8045-exec-9             ] [INFO ] [com.example.orcamento.service.MovimentacaoService                     ] Entrada: false 
[14/01/2026 13:58:29.332 -03] [tenantId=] [---- traceId -----              ] [http-nio-8045-exec-9             ] [INFO ] [com.example.orcamento.service.ContaCorrenteService                    ] Conta corrente atualizada com ID: ContaCorrente(id=1, agencia=7028, numeroConta=005620-3, banco=341, nomeBanco=Banco Itaú, saldo=-15481.34, usuarioId=null, tenantId=06660607625, contaAtiva=true) 
[14/01/2026 13:58:29.333 -03] [tenantId=] [---- traceId -----              ] [http-nio-8045-exec-9             ] [INFO ] [com.example.orcamento.service.ContaCorrenteService                    ] Novo saldo : -15715.71 
[14/01/2026 13:58:29.344 -03] [tenantId=] [---- traceId -----              ] [http-nio-8045-exec-9             ] [INFO ] [com.example.orcamento.service.DespesaService                          ] Despesa não está associada a uma meta ou subcategoria. Nenhuma meta foi atualizada. 
[14/01/2026 14:30:42.882 -03] [tenantId=] [---- traceId -----              ] [http-nio-8045-exec-1             ] [DEBUG] [com.example.orcamento.logging.TenantLoggingFilter                     ] Iniciando filtro de tenant para: GET /api/v1/lancamentos-cartao/com-compra 
[14/01/2026 14:30:42.884 -03] [tenantId=] [---- traceId -----              ] [http-nio-8045-exec-1             ] [DEBUG] [com.example.orcamento.logging.TenantLoggingFilter                     ] Tenant ID obtido: null 
[14/01/2026 14:30:42.884 -03] [tenantId=] [---- traceId -----              ] [http-nio-8045-exec-1             ] [INFO ] [com.example.orcamento.logging.TenantLoggingFilter                     ] [TENANT] Nova requisição recebida | tenantId=null | método=GET | endpoint=/api/v1/lancamentos-cartao/com-compra 
[14/01/2026 14:30:42.957 -03] [tenantId=] [---- traceId -----              ] [http-nio-8045-exec-10            ] [DEBUG] [com.example.orcamento.logging.TenantLoggingFilter                     ] Iniciando filtro de tenant para: POST /api/v1/auth/refresh 
[14/01/2026 14:30:42.958 -03] [tenantId=] [---- traceId -----              ] [http-nio-8045-exec-10            ] [DEBUG] [com.example.orcamento.logging.TenantLoggingFilter                     ] Tenant ID obtido: null 
[14/01/2026 14:30:42.958 -03] [tenantId=] [---- traceId -----              ] [http-nio-8045-exec-10            ] [INFO ] [com.example.orcamento.logging.TenantLoggingFilter                     ] [TENANT] Nova requisição recebida | tenantId=null | método=POST | endpoint=/api/v1/auth/refresh 
[14/01/2026 14:30:43.068 -03] [tenantId=] [---- traceId -----              ] [http-nio-8045-exec-8             ] [DEBUG] [com.example.orcamento.logging.TenantLoggingFilter                     ] Iniciando filtro de tenant para: GET /api/v1/lancamentos-cartao/com-compra 
[14/01/2026 14:30:43.069 -03] [tenantId=] [---- traceId -----              ] [http-nio-8045-exec-8             ] [DEBUG] [com.example.orcamento.logging.TenantLoggingFilter                     ] Tenant ID obtido: null 
[14/01/2026 14:30:43.069 -03] [tenantId=] [---- traceId -----              ] [http-nio-8045-exec-8             ] [INFO ] [com.example.orcamento.logging.TenantLoggingFilter                     ] [TENANT] Nova requisição recebida | tenantId=null | método=GET | endpoint=/api/v1/lancamentos-cartao/com-compra 
[14/01/2026 14:30:43.076 -03] [tenantId=] [---- traceId -----              ] [http-nio-8045-exec-8             ] [INFO ] [com.example.orcamento.controller.LancamentoCartaoController           ] Requisição GET em /api/v1/lancamentos-cartao/com-compra 
[14/01/2026 14:30:43.362 -03] [tenantId=] [---- traceId -----              ] [http-nio-8045-exec-7             ] [DEBUG] [com.example.orcamento.logging.TenantLoggingFilter                     ] Iniciando filtro de tenant para: GET /api/v1/cartoes-credito 
[14/01/2026 14:30:43.362 -03] [tenantId=] [---- traceId -----              ] [http-nio-8045-exec-7             ] [DEBUG] [com.example.orcamento.logging.TenantLoggingFilter                     ] Tenant ID obtido: null 
[14/01/2026 14:30:43.362 -03] [tenantId=] [---- traceId -----              ] [http-nio-8045-exec-7             ] [INFO ] [com.example.orcamento.logging.TenantLoggingFilter                     ] [TENANT] Nova requisição recebida | tenantId=null | método=GET | endpoint=/api/v1/cartoes-credito 
[14/01/2026 14:30:43.370 -03] [tenantId=] [---- traceId -----              ] [http-nio-8045-exec-7             ] [INFO ] [com.example.orcamento.controller.CartaoCreditoController              ] Requisição GET em /api/v1/cartoes-credito, listarCartoes 
[14/01/2026 14:30:43.387 -03] [tenantId=] [---- traceId -----              ] [http-nio-8045-exec-9             ] [DEBUG] [com.example.orcamento.logging.TenantLoggingFilter                     ] Iniciando filtro de tenant para: GET /api/v1/tipos-despesa 
[14/01/2026 14:30:43.388 -03] [tenantId=] [---- traceId -----              ] [http-nio-8045-exec-9             ] [DEBUG] [com.example.orcamento.logging.TenantLoggingFilter                     ] Tenant ID obtido: null 
[14/01/2026 14:30:43.389 -03] [tenantId=] [---- traceId -----              ] [http-nio-8045-exec-9             ] [INFO ] [com.example.orcamento.logging.TenantLoggingFilter                     ] [TENANT] Nova requisição recebida | tenantId=null | método=GET | endpoint=/api/v1/tipos-despesa 
[14/01/2026 14:30:43.397 -03] [tenantId=] [---- traceId -----              ] [http-nio-8045-exec-9             ] [INFO ] [com.example.orcamento.controller.CategoriaDespesaController           ] GET /api/v1/categorias 
[14/01/2026 14:30:43.458 -03] [tenantId=] [---- traceId -----              ] [http-nio-8045-exec-5             ] [DEBUG] [com.example.orcamento.logging.TenantLoggingFilter                     ] Iniciando filtro de tenant para: GET /api/v1/pessoas 
[14/01/2026 14:30:43.458 -03] [tenantId=] [---- traceId -----              ] [http-nio-8045-exec-5             ] [DEBUG] [com.example.orcamento.logging.TenantLoggingFilter                     ] Tenant ID obtido: null 
[14/01/2026 14:30:43.458 -03] [tenantId=] [---- traceId -----              ] [http-nio-8045-exec-5             ] [INFO ] [com.example.orcamento.logging.TenantLoggingFilter                     ] [TENANT] Nova requisição recebida | tenantId=null | método=GET | endpoint=/api/v1/pessoas 
[14/01/2026 14:30:43.535 -03] [tenantId=] [---- traceId -----              ] [http-nio-8045-exec-3             ] [DEBUG] [com.example.orcamento.logging.TenantLoggingFilter                     ] Iniciando filtro de tenant para: GET /api/v1/contas-corrente 
[14/01/2026 14:30:43.535 -03] [tenantId=] [---- traceId -----              ] [http-nio-8045-exec-3             ] [DEBUG] [com.example.orcamento.logging.TenantLoggingFilter                     ] Tenant ID obtido: null 
[14/01/2026 14:30:43.535 -03] [tenantId=] [---- traceId -----              ] [http-nio-8045-exec-3             ] [INFO ] [com.example.orcamento.logging.TenantLoggingFilter                     ] [TENANT] Nova requisição recebida | tenantId=null | método=GET | endpoint=/api/v1/contas-corrente 
[14/01/2026 14:30:46.355 -03] [tenantId=] [---- traceId -----              ] [http-nio-8045-exec-4             ] [DEBUG] [com.example.orcamento.logging.TenantLoggingFilter                     ] Iniciando filtro de tenant para: GET /api/v1/contas-corrente 
[14/01/2026 14:30:46.355 -03] [tenantId=] [---- traceId -----              ] [http-nio-8045-exec-8             ] [DEBUG] [com.example.orcamento.logging.TenantLoggingFilter                     ] Iniciando filtro de tenant para: GET /api/v1/tipos-despesa 
[14/01/2026 14:30:46.355 -03] [tenantId=] [---- traceId -----              ] [http-nio-8045-exec-7             ] [DEBUG] [com.example.orcamento.logging.TenantLoggingFilter                     ] Iniciando filtro de tenant para: GET /api/v1/despesas 
[14/01/2026 14:30:46.355 -03] [tenantId=] [---- traceId -----              ] [http-nio-8045-exec-4             ] [DEBUG] [com.example.orcamento.logging.TenantLoggingFilter                     ] Tenant ID obtido: null 
[14/01/2026 14:30:46.356 -03] [tenantId=] [---- traceId -----              ] [http-nio-8045-exec-8             ] [DEBUG] [com.example.orcamento.logging.TenantLoggingFilter                     ] Tenant ID obtido: null 
[14/01/2026 14:30:46.356 -03] [tenantId=] [---- traceId -----              ] [http-nio-8045-exec-7             ] [DEBUG] [com.example.orcamento.logging.TenantLoggingFilter                     ] Tenant ID obtido: null 
[14/01/2026 14:30:46.356 -03] [tenantId=] [---- traceId -----              ] [http-nio-8045-exec-4             ] [INFO ] [com.example.orcamento.logging.TenantLoggingFilter                     ] [TENANT] Nova requisição recebida | tenantId=null | método=GET | endpoint=/api/v1/contas-corrente 
[14/01/2026 14:30:46.358 -03] [tenantId=] [---- traceId -----              ] [http-nio-8045-exec-7             ] [INFO ] [com.example.orcamento.logging.TenantLoggingFilter                     ] [TENANT] Nova requisição recebida | tenantId=null | método=GET | endpoint=/api/v1/despesas 
[14/01/2026 14:30:46.358 -03] [tenantId=] [---- traceId -----              ] [http-nio-8045-exec-8             ] [INFO ] [com.example.orcamento.logging.TenantLoggingFilter                     ] [TENANT] Nova requisição recebida | tenantId=null | método=GET | endpoint=/api/v1/tipos-despesa 
[14/01/2026 14:30:46.362 -03] [tenantId=] [---- traceId -----              ] [http-nio-8045-exec-6             ] [DEBUG] [com.example.orcamento.logging.TenantLoggingFilter                     ] Iniciando filtro de tenant para: GET /api/v1/configuracoes 
[14/01/2026 14:30:46.363 -03] [tenantId=] [---- traceId -----              ] [http-nio-8045-exec-6             ] [DEBUG] [com.example.orcamento.logging.TenantLoggingFilter                     ] Tenant ID obtido: null 
[14/01/2026 14:30:46.363 -03] [tenantId=] [---- traceId -----              ] [http-nio-8045-exec-5             ] [DEBUG] [com.example.orcamento.logging.TenantLoggingFilter                     ] Iniciando filtro de tenant para: GET /api/v1/metas-economia 
[14/01/2026 14:30:46.363 -03] [tenantId=] [---- traceId -----              ] [http-nio-8045-exec-6             ] [INFO ] [com.example.orcamento.logging.TenantLoggingFilter                     ] [TENANT] Nova requisição recebida | tenantId=null | método=GET | endpoint=/api/v1/configuracoes 
[14/01/2026 14:30:46.363 -03] [tenantId=] [---- traceId -----              ] [http-nio-8045-exec-5             ] [DEBUG] [com.example.orcamento.logging.TenantLoggingFilter                     ] Tenant ID obtido: null 
[14/01/2026 14:30:46.363 -03] [tenantId=] [---- traceId -----              ] [http-nio-8045-exec-5             ] [INFO ] [com.example.orcamento.logging.TenantLoggingFilter                     ] [TENANT] Nova requisição recebida | tenantId=null | método=GET | endpoint=/api/v1/metas-economia 
[14/01/2026 14:30:46.365 -03] [tenantId=] [---- traceId -----              ] [http-nio-8045-exec-8             ] [INFO ] [com.example.orcamento.controller.CategoriaDespesaController           ] GET /api/v1/categorias 
[14/01/2026 14:30:46.366 -03] [tenantId=] [---- traceId -----              ] [http-nio-8045-exec-7             ] [INFO ] [com.example.orcamento.controller.DespesaController                    ] Requisição GET em /api/v1/despesas, dataMin: null, dataMax: null 
[14/01/2026 14:30:46.370 -03] [tenantId=] [---- traceId -----              ] [http-nio-8045-exec-6             ] [INFO ] [com.example.orcamento.controller.ConfiguracaoController               ] Buscando configurações 
[14/01/2026 14:30:47.275 -03] [tenantId=] [---- traceId -----              ] [http-nio-8045-exec-3             ] [DEBUG] [com.example.orcamento.logging.TenantLoggingFilter                     ] Iniciando filtro de tenant para: GET /api/v1/receitas/por-mes/2026 
[14/01/2026 14:30:47.275 -03] [tenantId=] [---- traceId -----              ] [http-nio-8045-exec-3             ] [DEBUG] [com.example.orcamento.logging.TenantLoggingFilter                     ] Tenant ID obtido: null 
[14/01/2026 14:30:47.275 -03] [tenantId=] [---- traceId -----              ] [http-nio-8045-exec-3             ] [INFO ] [com.example.orcamento.logging.TenantLoggingFilter                     ] [TENANT] Nova requisição recebida | tenantId=null | método=GET | endpoint=/api/v1/receitas/por-mes/2026 
[14/01/2026 14:30:47.282 -03] [tenantId=] [---- traceId -----              ] [http-nio-8045-exec-3             ] [INFO ] [com.example.orcamento.controller.ReceitaController                    ] Requisição GET em: /api/v1/receitas/por-mes/{ano} 
[14/01/2026 14:30:47.289 -03] [tenantId=] [---- traceId -----              ] [http-nio-8045-exec-3             ] [INFO ] [com.example.orcamento.controller.ReceitaController                    ] Retorno: {JANUARY={previstas=0, efetivadas=7804.77}} 
[14/01/2026 14:30:47.354 -03] [tenantId=] [---- traceId -----              ] [http-nio-8045-exec-9             ] [DEBUG] [com.example.orcamento.logging.TenantLoggingFilter                     ] Iniciando filtro de tenant para: GET /api/v1/salarios-previstos/por-ano/2026 
[14/01/2026 14:30:47.354 -03] [tenantId=] [---- traceId -----              ] [http-nio-8045-exec-9             ] [DEBUG] [com.example.orcamento.logging.TenantLoggingFilter                     ] Tenant ID obtido: null 
[14/01/2026 14:30:47.354 -03] [tenantId=] [---- traceId -----              ] [http-nio-8045-exec-9             ] [INFO ] [com.example.orcamento.logging.TenantLoggingFilter                     ] [TENANT] Nova requisição recebida | tenantId=null | método=GET | endpoint=/api/v1/salarios-previstos/por-ano/2026 
[14/01/2026 14:30:47.458 -03] [tenantId=] [---- traceId -----              ] [http-nio-8045-exec-4             ] [DEBUG] [com.example.orcamento.logging.TenantLoggingFilter                     ] Iniciando filtro de tenant para: GET /api/v1/despesas/por-mes/2026 
[14/01/2026 14:30:47.458 -03] [tenantId=] [---- traceId -----              ] [http-nio-8045-exec-4             ] [DEBUG] [com.example.orcamento.logging.TenantLoggingFilter                     ] Tenant ID obtido: null 
[14/01/2026 14:30:47.458 -03] [tenantId=] [---- traceId -----              ] [http-nio-8045-exec-4             ] [INFO ] [com.example.orcamento.logging.TenantLoggingFilter                     ] [TENANT] Nova requisição recebida | tenantId=null | método=GET | endpoint=/api/v1/despesas/por-mes/2026 
[14/01/2026 14:30:47.466 -03] [tenantId=] [---- traceId -----              ] [http-nio-8045-exec-4             ] [INFO ] [com.example.orcamento.controller.DespesaController                    ] Requisição GET em /api/v1/despesas/por-mes/{ano}, listarPorMes 
[14/01/2026 14:30:47.496 -03] [tenantId=] [---- traceId -----              ] [http-nio-8045-exec-6             ] [DEBUG] [com.example.orcamento.logging.TenantLoggingFilter                     ] Iniciando filtro de tenant para: GET /api/v1/cartoes-credito 
[14/01/2026 14:30:47.496 -03] [tenantId=] [---- traceId -----              ] [http-nio-8045-exec-6             ] [DEBUG] [com.example.orcamento.logging.TenantLoggingFilter                     ] Tenant ID obtido: null 
[14/01/2026 14:30:47.496 -03] [tenantId=] [---- traceId -----              ] [http-nio-8045-exec-6             ] [INFO ] [com.example.orcamento.logging.TenantLoggingFilter                     ] [TENANT] Nova requisição recebida | tenantId=null | método=GET | endpoint=/api/v1/cartoes-credito 
[14/01/2026 14:30:47.503 -03] [tenantId=] [---- traceId -----              ] [http-nio-8045-exec-6             ] [INFO ] [com.example.orcamento.controller.CartaoCreditoController              ] Requisição GET em /api/v1/cartoes-credito, listarCartoes 
[14/01/2026 14:30:47.511 -03] [tenantId=] [---- traceId -----              ] [http-nio-8045-exec-8             ] [DEBUG] [com.example.orcamento.logging.TenantLoggingFilter                     ] Iniciando filtro de tenant para: GET /api/v1/lancamentos-cartao/faturas-ano 
[14/01/2026 14:30:47.511 -03] [tenantId=] [---- traceId -----              ] [http-nio-8045-exec-8             ] [DEBUG] [com.example.orcamento.logging.TenantLoggingFilter                     ] Tenant ID obtido: null 
[14/01/2026 14:30:47.512 -03] [tenantId=] [---- traceId -----              ] [http-nio-8045-exec-8             ] [INFO ] [com.example.orcamento.logging.TenantLoggingFilter                     ] [TENANT] Nova requisição recebida | tenantId=null | método=GET | endpoint=/api/v1/lancamentos-cartao/faturas-ano 
[14/01/2026 14:30:47.519 -03] [tenantId=] [---- traceId -----              ] [http-nio-8045-exec-8             ] [INFO ] [com.example.orcamento.controller.LancamentoCartaoController           ] Requisição GET em /api/v1/lancamentos-cartao/faturas-ano, ano: 2026 
[14/01/2026 14:30:47.807 -03] [tenantId=] [---- traceId -----              ] [http-nio-8045-exec-7             ] [DEBUG] [com.example.orcamento.logging.TenantLoggingFilter                     ] Iniciando filtro de tenant para: GET /api/v1/contas-corrente 
[14/01/2026 14:30:47.807 -03] [tenantId=] [---- traceId -----              ] [http-nio-8045-exec-7             ] [DEBUG] [com.example.orcamento.logging.TenantLoggingFilter                     ] Tenant ID obtido: null 
[14/01/2026 14:30:47.808 -03] [tenantId=] [---- traceId -----              ] [http-nio-8045-exec-7             ] [INFO ] [com.example.orcamento.logging.TenantLoggingFilter                     ] [TENANT] Nova requisição recebida | tenantId=null | método=GET | endpoint=/api/v1/contas-corrente 
[14/01/2026 14:30:47.885 -03] [tenantId=] [---- traceId -----              ] [http-nio-8045-exec-3             ] [DEBUG] [com.example.orcamento.logging.TenantLoggingFilter                     ] Iniciando filtro de tenant para: GET /api/v1/despesas/filtrar-dinamico 
[14/01/2026 14:30:47.885 -03] [tenantId=] [---- traceId -----              ] [http-nio-8045-exec-3             ] [DEBUG] [com.example.orcamento.logging.TenantLoggingFilter                     ] Tenant ID obtido: null 
[14/01/2026 14:30:47.885 -03] [tenantId=] [---- traceId -----              ] [http-nio-8045-exec-3             ] [INFO ] [com.example.orcamento.logging.TenantLoggingFilter                     ] [TENANT] Nova requisição recebida | tenantId=null | método=GET | endpoint=/api/v1/despesas/filtrar-dinamico 
[14/01/2026 14:30:47.891 -03] [tenantId=] [---- traceId -----              ] [http-nio-8045-exec-3             ] [INFO ] [com.example.orcamento.service.DespesaService                          ] Buscando despesas com filtros dinâmicos: {dataFim=2026-12-31, dataInicio=2026-01-01} 
[14/01/2026 14:31:08.282 -03] [tenantId=] [---- traceId -----              ] [http-nio-8045-exec-2             ] [DEBUG] [com.example.orcamento.logging.TenantLoggingFilter                     ] Iniciando filtro de tenant para: GET /api/v1/cartoes-credito 
[14/01/2026 14:31:08.282 -03] [tenantId=] [---- traceId -----              ] [http-nio-8045-exec-4             ] [DEBUG] [com.example.orcamento.logging.TenantLoggingFilter                     ] Iniciando filtro de tenant para: GET /api/v1/tipos-despesa 
[14/01/2026 14:31:08.283 -03] [tenantId=] [---- traceId -----              ] [http-nio-8045-exec-2             ] [DEBUG] [com.example.orcamento.logging.TenantLoggingFilter                     ] Tenant ID obtido: null 
[14/01/2026 14:31:08.283 -03] [tenantId=] [---- traceId -----              ] [http-nio-8045-exec-4             ] [DEBUG] [com.example.orcamento.logging.TenantLoggingFilter                     ] Tenant ID obtido: null 
[14/01/2026 14:31:08.284 -03] [tenantId=] [---- traceId -----              ] [http-nio-8045-exec-2             ] [INFO ] [com.example.orcamento.logging.TenantLoggingFilter                     ] [TENANT] Nova requisição recebida | tenantId=null | método=GET | endpoint=/api/v1/cartoes-credito 
[14/01/2026 14:31:08.284 -03] [tenantId=] [---- traceId -----              ] [http-nio-8045-exec-4             ] [INFO ] [com.example.orcamento.logging.TenantLoggingFilter                     ] [TENANT] Nova requisição recebida | tenantId=null | método=GET | endpoint=/api/v1/tipos-despesa 
[14/01/2026 14:31:08.296 -03] [tenantId=] [---- traceId -----              ] [http-nio-8045-exec-4             ] [INFO ] [com.example.orcamento.controller.CategoriaDespesaController           ] GET /api/v1/categorias 
[14/01/2026 14:31:08.298 -03] [tenantId=] [---- traceId -----              ] [http-nio-8045-exec-2             ] [INFO ] [com.example.orcamento.controller.CartaoCreditoController              ] Requisição GET em /api/v1/cartoes-credito, listarCartoes 
[14/01/2026 14:31:09.396 -03] [tenantId=] [---- traceId -----              ] [http-nio-8045-exec-6             ] [DEBUG] [com.example.orcamento.logging.TenantLoggingFilter                     ] Iniciando filtro de tenant para: GET /api/v1/cartoes-credito 
[14/01/2026 14:31:09.397 -03] [tenantId=] [---- traceId -----              ] [http-nio-8045-exec-6             ] [DEBUG] [com.example.orcamento.logging.TenantLoggingFilter                     ] Tenant ID obtido: null 
[14/01/2026 14:31:09.397 -03] [tenantId=] [---- traceId -----              ] [http-nio-8045-exec-6             ] [INFO ] [com.example.orcamento.logging.TenantLoggingFilter                     ] [TENANT] Nova requisição recebida | tenantId=null | método=GET | endpoint=/api/v1/cartoes-credito 
[14/01/2026 14:31:09.397 -03] [tenantId=] [---- traceId -----              ] [http-nio-8045-exec-8             ] [DEBUG] [com.example.orcamento.logging.TenantLoggingFilter                     ] Iniciando filtro de tenant para: GET /api/v1/tipos-despesa 
[14/01/2026 14:31:09.398 -03] [tenantId=] [---- traceId -----              ] [http-nio-8045-exec-8             ] [DEBUG] [com.example.orcamento.logging.TenantLoggingFilter                     ] Tenant ID obtido: null 
[14/01/2026 14:31:09.398 -03] [tenantId=] [---- traceId -----              ] [http-nio-8045-exec-8             ] [INFO ] [com.example.orcamento.logging.TenantLoggingFilter                     ] [TENANT] Nova requisição recebida | tenantId=null | método=GET | endpoint=/api/v1/tipos-despesa 
[14/01/2026 14:31:09.400 -03] [tenantId=] [---- traceId -----              ] [http-nio-8045-exec-7             ] [DEBUG] [com.example.orcamento.logging.TenantLoggingFilter                     ] Iniciando filtro de tenant para: GET /api/v1/pessoas 
[14/01/2026 14:31:09.400 -03] [tenantId=] [---- traceId -----              ] [http-nio-8045-exec-7             ] [DEBUG] [com.example.orcamento.logging.TenantLoggingFilter                     ] Tenant ID obtido: null 
[14/01/2026 14:31:09.401 -03] [tenantId=] [---- traceId -----              ] [http-nio-8045-exec-7             ] [INFO ] [com.example.orcamento.logging.TenantLoggingFilter                     ] [TENANT] Nova requisição recebida | tenantId=null | método=GET | endpoint=/api/v1/pessoas 
[14/01/2026 14:31:09.405 -03] [tenantId=] [---- traceId -----              ] [http-nio-8045-exec-3             ] [DEBUG] [com.example.orcamento.logging.TenantLoggingFilter                     ] Iniciando filtro de tenant para: GET /api/v1/compras/ultimas 
[14/01/2026 14:31:09.405 -03] [tenantId=] [---- traceId -----              ] [http-nio-8045-exec-3             ] [DEBUG] [com.example.orcamento.logging.TenantLoggingFilter                     ] Tenant ID obtido: null 
[14/01/2026 14:31:09.405 -03] [tenantId=] [---- traceId -----              ] [http-nio-8045-exec-3             ] [INFO ] [com.example.orcamento.logging.TenantLoggingFilter                     ] [TENANT] Nova requisição recebida | tenantId=null | método=GET | endpoint=/api/v1/compras/ultimas 
[14/01/2026 14:31:09.406 -03] [tenantId=] [---- traceId -----              ] [http-nio-8045-exec-6             ] [INFO ] [com.example.orcamento.controller.CartaoCreditoController              ] Requisição GET em /api/v1/cartoes-credito, listarCartoes 
[14/01/2026 14:31:09.406 -03] [tenantId=] [---- traceId -----              ] [http-nio-8045-exec-8             ] [INFO ] [com.example.orcamento.controller.CategoriaDespesaController           ] GET /api/v1/categorias 
[14/01/2026 14:31:09.415 -03] [tenantId=] [---- traceId -----              ] [http-nio-8045-exec-3             ] [INFO ] [com.example.orcamento.controller.CompraController                     ] Requisição GET em /api/v1/compras/ultimas, page: 0, size: 10, descricao: null, cartaoId: null, subcategoriaId: null 
[14/01/2026 14:31:09.416 -03] [tenantId=] [---- traceId -----              ] [http-nio-8045-exec-3             ] [INFO ] [com.example.orcamento.service.CompraService                           ] [DEBUG] Buscando compras por filtro para tenantId=06660607625 page=0 size=10 descricao=null cartaoId=null subcategoriaId=null 
